2018-10-15 19:01:23,920 INFO  [Log] New Chrome Driver Intiated 
 2018-10-15 19:04:54,032 INFO  [Log] New Chrome Driver Intiated 
 2018-10-15 19:05:10,385 INFO  [Log] Searching TextBox 
 2018-10-15 19:05:11,106 INFO  [Log] Searching TextBox 
 2018-10-15 19:05:20,302 INFO  [Log] ************************************************************************************************ 
 2018-10-15 19:05:20,302 INFO  [Log] ************************************************************************************************ 
 2018-10-15 19:05:20,302 INFO  [Log]      $$$$$$$$$$    E-N-D of  @ 15-10-2018_19-05-20 $$$$$$$$$$$$      
 2018-10-15 19:05:20,302 INFO  [Log] ************************************************************************************************ 
 2018-10-15 19:05:20,302 INFO  [Log] ************************************************************************************************ 
 2018-10-15 19:05:20,302 INFO  [Log]   
 2018-10-15 19:05:20,302 INFO  [Log]   
 2018-10-15 19:05:20,302 INFO  [Log]   
 2018-10-15 19:07:09,329 INFO  [Log] New Chrome Driver Intiated 
 2018-10-15 19:07:22,001 INFO  [Log] New Chrome Driver Intiated 
 2018-10-15 19:07:38,906 INFO  [Log] Searching TextBox 
 2018-10-15 19:07:39,655 INFO  [Log] Searching TextBox 
 2018-10-15 19:07:47,995 INFO  [Log] ************************************************************************************************ 
 2018-10-15 19:07:47,995 INFO  [Log] ************************************************************************************************ 
 2018-10-15 19:07:47,995 INFO  [Log]      $$$$$$$$$$    E-N-D of  @ 15-10-2018_19-07-47 $$$$$$$$$$$$      
 2018-10-15 19:07:47,995 INFO  [Log] ************************************************************************************************ 
 2018-10-15 19:07:47,995 INFO  [Log] ************************************************************************************************ 
 2018-10-15 19:07:47,995 INFO  [Log]   
 2018-10-15 19:07:47,995 INFO  [Log]   
 2018-10-15 19:07:47,995 INFO  [Log]   
 2018-10-15 19:13:48,927 INFO  [Log] New Chrome Driver Intiated 
 2018-10-15 19:14:06,272 INFO  [Log] Searching TextBox 
 2018-10-15 19:14:06,411 INFO  [Log] Searching TextBox 
 2018-10-15 19:14:38,789 INFO  [Log] ************************************************************************************************ 
 2018-10-15 19:14:38,790 INFO  [Log] ************************************************************************************************ 
 2018-10-15 19:14:38,791 INFO  [Log]      $$$$$$$$$$    E-N-D of  @ 15-10-2018_19-14-38 $$$$$$$$$$$$      
 2018-10-15 19:14:38,791 INFO  [Log] ************************************************************************************************ 
 2018-10-15 19:14:38,791 INFO  [Log] ************************************************************************************************ 
 2018-10-15 19:14:38,791 INFO  [Log]   
 2018-10-15 19:14:38,791 INFO  [Log]   
 2018-10-15 19:14:38,791 INFO  [Log]   
 2018-10-15 19:20:22,205 INFO  [Log] New Chrome Driver Intiated 
 2018-10-15 19:20:39,200 INFO  [Log] Searching TextBox 
 2018-10-15 19:20:39,359 INFO  [Log] Searching TextBox 
 2018-10-15 19:21:13,730 INFO  [Log] ************************************************************************************************ 
 2018-10-15 19:21:13,730 INFO  [Log] ************************************************************************************************ 
 2018-10-15 19:21:13,730 INFO  [Log]      $$$$$$$$$$    E-N-D of  @ 15-10-2018_19-21-13 $$$$$$$$$$$$      
 2018-10-15 19:21:13,730 INFO  [Log] ************************************************************************************************ 
 2018-10-15 19:21:13,731 INFO  [Log] ************************************************************************************************ 
 2018-10-15 19:21:13,731 INFO  [Log]   
 2018-10-15 19:21:13,731 INFO  [Log]   
 2018-10-15 19:21:13,731 INFO  [Log]   
 2018-10-15 19:23:05,889 INFO  [Log] New Chrome Driver Intiated 
 2018-10-15 19:23:22,172 INFO  [Log] Searching TextBox 
 2018-10-15 19:23:22,373 INFO  [Log] Searching TextBox 
 2018-10-15 19:23:54,530 INFO  [Log] ************************************************************************************************ 
 2018-10-15 19:23:54,530 INFO  [Log] ************************************************************************************************ 
 2018-10-15 19:23:54,530 INFO  [Log]      $$$$$$$$$$    E-N-D of  @ 15-10-2018_19-23-54 $$$$$$$$$$$$      
 2018-10-15 19:23:54,531 INFO  [Log] ************************************************************************************************ 
 2018-10-15 19:23:54,531 INFO  [Log] ************************************************************************************************ 
 2018-10-15 19:23:54,531 INFO  [Log]   
 2018-10-15 19:23:54,531 INFO  [Log]   
 2018-10-15 19:23:54,531 INFO  [Log]   
 2018-10-16 11:01:56,533 INFO  [Log] New Chrome Driver Intiated 
 2018-10-16 11:02:20,305 INFO  [Log] Searching TextBox 
 2018-10-16 11:02:20,437 INFO  [Log] Searching TextBox 
 2018-10-16 11:02:53,512 INFO  [Log] ************************************************************************************************ 
 2018-10-16 11:02:53,513 INFO  [Log] ************************************************************************************************ 
 2018-10-16 11:02:53,513 INFO  [Log]      $$$$$$$$$$    E-N-D of  @ 16-10-2018_11-02-53 $$$$$$$$$$$$      
 2018-10-16 11:02:53,513 INFO  [Log] ************************************************************************************************ 
 2018-10-16 11:02:53,513 INFO  [Log] ************************************************************************************************ 
 2018-10-16 11:02:53,513 INFO  [Log]   
 2018-10-16 11:02:53,513 INFO  [Log]   
 2018-10-16 11:02:53,513 INFO  [Log]   
 2018-10-16 19:52:01,231 INFO  [Log] New Chrome Driver Intiated 
 2018-10-16 19:52:20,944 INFO  [Log] Searching TextBox 
 2018-10-16 19:52:21,752 INFO  [Log] Searching TextBox 
 2018-10-17 16:55:00,170 INFO  [Log] New Chrome Driver Intiated 
 2018-10-17 16:55:17,183 INFO  [Log] Searching TextBox 
 2018-10-17 16:55:18,000 INFO  [Log] Searching TextBox 
 2018-10-17 16:56:17,905 INFO  [Log] New Chrome Driver Intiated 
 2018-10-17 16:56:34,976 INFO  [Log] Searching TextBox 
 2018-10-17 16:56:35,747 INFO  [Log] Searching TextBox 
 2018-10-17 16:56:44,155 INFO  [Log] ************************************************************************************************ 
 2018-10-17 16:56:44,155 INFO  [Log] ************************************************************************************************ 
 2018-10-17 16:56:44,156 INFO  [Log]      $$$$$$$$$$    E-N-D of  @ 17-10-2018_16-56-44 $$$$$$$$$$$$      
 2018-10-17 16:56:44,156 INFO  [Log] ************************************************************************************************ 
 2018-10-17 16:56:44,156 INFO  [Log] ************************************************************************************************ 
 2018-10-17 16:56:44,156 INFO  [Log]   
 2018-10-17 16:56:44,156 INFO  [Log]   
 2018-10-17 16:56:44,156 INFO  [Log]   
 2018-10-18 14:18:09,011 INFO  [Log] New Chrome Driver Intiated 
 2018-10-18 14:18:32,490 INFO  [Log] Searching TextBox 
 2018-10-18 14:18:33,692 INFO  [Log] Searching TextBox 
 2018-10-18 14:21:07,727 INFO  [Log] New Chrome Driver Intiated 
 2018-10-18 14:21:25,899 INFO  [Log] Searching TextBox 
 2018-10-18 14:21:26,070 INFO  [Log] Searching TextBox 
 2018-10-18 14:22:00,226 INFO  [Log] ************************************************************************************************ 
 2018-10-18 14:22:00,226 INFO  [Log] ************************************************************************************************ 
 2018-10-18 14:22:00,226 INFO  [Log]      $$$$$$$$$$    E-N-D of  @ 18-10-2018_14-22-00 $$$$$$$$$$$$      
 2018-10-18 14:22:00,226 INFO  [Log] ************************************************************************************************ 
 2018-10-18 14:22:00,226 INFO  [Log] ************************************************************************************************ 
 2018-10-18 14:22:00,226 INFO  [Log]   
 2018-10-18 14:22:00,226 INFO  [Log]   
 2018-10-18 14:22:00,226 INFO  [Log]   
 2018-10-18 17:04:54,091 INFO  [Log] New Chrome Driver Intiated 
 2018-10-18 17:05:11,693 INFO  [Log] Searching TextBox 
 2018-10-18 17:05:11,862 INFO  [Log] Searching TextBox 
 2018-10-18 17:05:46,207 INFO  [Log] ************************************************************************************************ 
 2018-10-18 17:05:46,207 INFO  [Log] ************************************************************************************************ 
 2018-10-18 17:05:46,207 INFO  [Log]      $$$$$$$$$$    E-N-D of  @ 18-10-2018_17-05-46 $$$$$$$$$$$$      
 2018-10-18 17:05:46,207 INFO  [Log] ************************************************************************************************ 
 2018-10-18 17:05:46,207 INFO  [Log] ************************************************************************************************ 
 2018-10-18 17:05:46,207 INFO  [Log]   
 2018-10-18 17:05:46,207 INFO  [Log]   
 2018-10-18 17:05:46,207 INFO  [Log]   
 2018-10-18 17:05:50,310 INFO  [Log] New Chrome Driver Intiated 
 2018-10-18 17:06:05,815 INFO  [Log] Searching TextBox 
 2018-10-18 17:06:05,983 INFO  [Log] Searching TextBox 
 2018-10-18 17:06:45,361 INFO  [Log] ************************************************************************************************ 
 2018-10-18 17:06:45,361 INFO  [Log] ************************************************************************************************ 
 2018-10-18 17:06:45,361 INFO  [Log]      $$$$$$$$$$    E-N-D of  @ 18-10-2018_17-06-45 $$$$$$$$$$$$      
 2018-10-18 17:06:45,361 INFO  [Log] ************************************************************************************************ 
 2018-10-18 17:06:45,361 INFO  [Log] ************************************************************************************************ 
 2018-10-18 17:06:45,361 INFO  [Log]   
 2018-10-18 17:06:45,361 INFO  [Log]   
 2018-10-18 17:06:45,361 INFO  [Log]   
 2018-10-18 17:54:54,070 INFO  [Log] New Chrome Driver Intiated 
 2018-10-18 18:02:36,273 INFO  [Log] New Chrome Driver Intiated 
 2018-10-18 18:02:59,470 INFO  [Log] New Chrome Driver Intiated 
 2018-10-18 18:04:08,132 INFO  [Log] New Chrome Driver Intiated 
 2018-10-18 18:04:26,044 INFO  [Log] Searching TextBox 
 2018-10-18 18:04:26,226 INFO  [Log] Searching TextBox 
 2018-10-18 18:05:00,720 INFO  [Log] ************************************************************************************************ 
 2018-10-18 18:05:00,720 INFO  [Log] ************************************************************************************************ 
 2018-10-18 18:05:00,720 INFO  [Log]      $$$$$$$$$$    E-N-D of  @ 18-10-2018_18-05-00 $$$$$$$$$$$$      
 2018-10-18 18:05:00,720 INFO  [Log] ************************************************************************************************ 
 2018-10-18 18:05:00,720 INFO  [Log] ************************************************************************************************ 
 2018-10-18 18:05:00,720 INFO  [Log]   
 2018-10-18 18:05:00,720 INFO  [Log]   
 2018-10-18 18:05:00,720 INFO  [Log]   
 2018-10-18 18:05:06,140 INFO  [Log] New Chrome Driver Intiated 
 2018-10-18 18:05:24,160 INFO  [Log] Searching TextBox 
 2018-10-18 18:05:24,796 INFO  [Log] Searching TextBox 
 2018-10-18 18:05:59,887 INFO  [Log] ************************************************************************************************ 
 2018-10-18 18:05:59,887 INFO  [Log] ************************************************************************************************ 
 2018-10-18 18:05:59,887 INFO  [Log]      $$$$$$$$$$    E-N-D of  @ 18-10-2018_18-05-59 $$$$$$$$$$$$      
 2018-10-18 18:05:59,887 INFO  [Log] ************************************************************************************************ 
 2018-10-18 18:05:59,887 INFO  [Log] ************************************************************************************************ 
 2018-10-18 18:05:59,887 INFO  [Log]   
 2018-10-18 18:05:59,887 INFO  [Log]   
 2018-10-18 18:05:59,887 INFO  [Log]   
 2018-10-22 11:08:29,446 INFO  [Log] New Chrome Driver Intiated 
 2018-10-22 11:08:49,244 INFO  [Log] Searching TextBox 
 2018-10-22 11:08:49,470 INFO  [Log] Searching TextBox 
 2018-10-22 11:09:47,603 INFO  [Log] ************************************************************************************************ 
 2018-10-22 11:09:47,604 INFO  [Log] ************************************************************************************************ 
 2018-10-22 11:09:47,604 INFO  [Log]      $$$$$$$$$$    E-N-D of  @ 22-10-2018_11-09-47 $$$$$$$$$$$$      
 2018-10-22 11:09:47,604 INFO  [Log] ************************************************************************************************ 
 2018-10-22 11:09:47,605 INFO  [Log] ************************************************************************************************ 
 2018-10-22 11:09:47,605 INFO  [Log]   
 2018-10-22 11:09:47,605 INFO  [Log]   
 2018-10-22 11:09:47,605 INFO  [Log]   
 2018-10-22 11:09:52,770 INFO  [Log] New Chrome Driver Intiated 
 2018-10-22 11:10:30,723 INFO  [Log] Searching TextBox 
 2018-10-22 11:10:30,993 INFO  [Log] Searching TextBox 
 2018-10-22 11:11:03,766 INFO  [Log] ************************************************************************************************ 
 2018-10-22 11:11:03,766 INFO  [Log] ************************************************************************************************ 
 2018-10-22 11:11:03,766 INFO  [Log]      $$$$$$$$$$    E-N-D of  @ 22-10-2018_11-11-03 $$$$$$$$$$$$      
 2018-10-22 11:11:03,767 INFO  [Log] ************************************************************************************************ 
 2018-10-22 11:11:03,767 INFO  [Log] ************************************************************************************************ 
 2018-10-22 11:11:03,767 INFO  [Log]   
 2018-10-22 11:11:03,767 INFO  [Log]   
 2018-10-22 11:11:03,768 INFO  [Log]   
 2018-10-22 11:19:19,455 INFO  [Log] New Chrome Driver Intiated 
 2018-10-22 11:20:12,636 INFO  [Log] New Chrome Driver Intiated 
 2018-10-22 11:20:29,114 INFO  [Log] ************************************************************************************************ 
 2018-10-22 11:20:29,114 INFO  [Log] ************************************************************************************************ 
 2018-10-22 11:20:29,114 INFO  [Log]      $$$$$$$$$$$$$$$$$$    Profile @ 22-10-2018_11-20-29   $$$$$$$$$$$$$$$$$    
 2018-10-22 11:20:29,114 INFO  [Log] ************************************************************************************************ 
 2018-10-22 11:20:29,114 INFO  [Log] ************************************************************************************************ 
 2018-10-22 11:20:30,838 INFO  [Log] Searching TextBox 
 2018-10-22 11:20:31,058 INFO  [Log] Searching TextBox 
 2018-10-22 11:22:46,858 INFO  [Log] ************************************************************************************************ 
 2018-10-22 11:22:46,858 INFO  [Log] ************************************************************************************************ 
 2018-10-22 11:22:46,858 INFO  [Log]      $$$$$$$$$$    E-N-D of  @ 22-10-2018_11-22-46 $$$$$$$$$$$$      
 2018-10-22 11:22:46,858 INFO  [Log] ************************************************************************************************ 
 2018-10-22 11:22:46,858 INFO  [Log] ************************************************************************************************ 
 2018-10-22 11:22:46,858 INFO  [Log]   
 2018-10-22 11:22:46,858 INFO  [Log]   
 2018-10-22 11:22:46,858 INFO  [Log]   
 2018-10-22 11:22:56,088 INFO  [Log] New Chrome Driver Intiated 
 2018-10-22 11:23:09,994 INFO  [Log] New Chrome Driver Intiated 
 2018-10-22 11:23:25,336 INFO  [Log] New Chrome Driver Intiated 
 2018-10-22 11:23:46,330 INFO  [Log] New Chrome Driver Intiated 
 2018-10-22 11:24:02,122 INFO  [Log] New Chrome Driver Intiated 
 2018-10-22 11:25:12,687 INFO  [Log] New Chrome Driver Intiated 
 2018-10-22 11:25:41,022 INFO  [Log] ************************************************************************************************ 
 2018-10-22 11:25:41,022 INFO  [Log] ************************************************************************************************ 
 2018-10-22 11:25:41,022 INFO  [Log]      $$$$$$$$$$$$$$$$$$    Profile @ 22-10-2018_11-25-41   $$$$$$$$$$$$$$$$$    
 2018-10-22 11:25:41,022 INFO  [Log] ************************************************************************************************ 
 2018-10-22 11:25:41,022 INFO  [Log] ************************************************************************************************ 
 2018-10-22 11:25:43,023 INFO  [Log] Searching TextBox 
 2018-10-22 11:25:43,226 INFO  [Log] Searching TextBox 
 2018-10-22 11:27:19,220 INFO  [Log] ************************************************************************************************ 
 2018-10-22 11:27:19,221 INFO  [Log] ************************************************************************************************ 
 2018-10-22 11:27:19,221 INFO  [Log]      $$$$$$$$$$    E-N-D of  @ 22-10-2018_11-27-19 $$$$$$$$$$$$      
 2018-10-22 11:27:19,221 INFO  [Log] ************************************************************************************************ 
 2018-10-22 11:27:19,222 INFO  [Log] ************************************************************************************************ 
 2018-10-22 11:27:19,222 INFO  [Log]   
 2018-10-22 11:27:19,222 INFO  [Log]   
 2018-10-22 11:27:19,222 INFO  [Log]   
 2018-10-24 14:54:00,217 INFO  [Log] New Chrome Driver Intiated 
 2018-10-24 14:54:19,238 INFO  [Log] ************************************************************************************************ 
 2018-10-24 14:54:19,239 INFO  [Log] ************************************************************************************************ 
 2018-10-24 14:54:19,239 INFO  [Log]      $$$$$$$$$$$$$$$$$$    Profile @ 24-10-2018_14-54-19   $$$$$$$$$$$$$$$$$    
 2018-10-24 14:54:19,239 INFO  [Log] ************************************************************************************************ 
 2018-10-24 14:54:19,239 INFO  [Log] ************************************************************************************************ 
 2018-10-24 14:54:20,864 INFO  [Log] Searching TextBox 
 2018-10-24 14:54:21,080 INFO  [Log] Searching TextBox 
 2018-10-24 14:56:44,169 INFO  [Log] New Chrome Driver Intiated 
 2018-10-24 14:57:00,737 INFO  [Log] ************************************************************************************************ 
 2018-10-24 14:57:00,737 INFO  [Log] ************************************************************************************************ 
 2018-10-24 14:57:00,737 INFO  [Log]      $$$$$$$$$$$$$$$$$$    Profile @ 24-10-2018_14-57-00   $$$$$$$$$$$$$$$$$    
 2018-10-24 14:57:00,737 INFO  [Log] ************************************************************************************************ 
 2018-10-24 14:57:00,737 INFO  [Log] ************************************************************************************************ 
 2018-10-24 14:57:02,508 INFO  [Log] Searching TextBox 
 2018-10-24 14:57:02,646 INFO  [Log] Searching TextBox 
 2018-10-24 15:12:41,004 INFO  [Log] New Chrome Driver Intiated 
 2018-10-24 15:12:59,849 INFO  [Log] ************************************************************************************************ 
 2018-10-24 15:12:59,849 INFO  [Log] ************************************************************************************************ 
 2018-10-24 15:12:59,849 INFO  [Log]      $$$$$$$$$$$$$$$$$$    Profile @ 24-10-2018_15-12-59   $$$$$$$$$$$$$$$$$    
 2018-10-24 15:12:59,849 INFO  [Log] ************************************************************************************************ 
 2018-10-24 15:12:59,849 INFO  [Log] ************************************************************************************************ 
 2018-10-24 15:13:01,594 INFO  [Log] Searching TextBox 
 2018-10-24 15:13:01,733 INFO  [Log] Searching TextBox 
 2018-10-25 18:28:14,784 INFO  [Log] New Chrome Driver Intiated 
 2018-10-25 18:28:39,129 INFO  [Log] ************************************************************************************************ 
 2018-10-25 18:28:39,130 INFO  [Log] ************************************************************************************************ 
 2018-10-25 18:28:39,130 INFO  [Log]      $$$$$$$$$$$$$$$$$$    Profile @ 25-10-2018_18-28-39   $$$$$$$$$$$$$$$$$    
 2018-10-25 18:28:39,130 INFO  [Log] ************************************************************************************************ 
 2018-10-25 18:28:39,130 INFO  [Log] ************************************************************************************************ 
 2018-10-25 18:28:40,209 INFO  [Log] Searching TextBox 
 2018-10-25 18:28:40,362 INFO  [Log] Searching TextBox 
 2018-10-25 18:30:19,556 INFO  [Log] ************************************************************************************************ 
 2018-10-25 18:30:19,556 INFO  [Log] ************************************************************************************************ 
 2018-10-25 18:30:19,557 INFO  [Log]      $$$$$$$$$$    E-N-D of  @ 25-10-2018_18-30-19 $$$$$$$$$$$$      
 2018-10-25 18:30:19,557 INFO  [Log] ************************************************************************************************ 
 2018-10-25 18:30:19,557 INFO  [Log] ************************************************************************************************ 
 2018-10-25 18:30:19,557 INFO  [Log]   
 2018-10-25 18:30:19,557 INFO  [Log]   
 2018-10-25 18:30:19,557 INFO  [Log]   
 2018-10-25 18:32:37,751 INFO  [Log] New Chrome Driver Intiated 
 2018-10-25 18:33:00,419 INFO  [Log] ************************************************************************************************ 
 2018-10-25 18:33:00,419 INFO  [Log] ************************************************************************************************ 
 2018-10-25 18:33:00,419 INFO  [Log]      $$$$$$$$$$$$$$$$$$    createReservation @ 25-10-2018_18-33-00   $$$$$$$$$$$$$$$$$    
 2018-10-25 18:33:00,419 INFO  [Log] ************************************************************************************************ 
 2018-10-25 18:33:00,419 INFO  [Log] ************************************************************************************************ 
 2018-10-25 18:33:02,237 INFO  [Log] Searching TextBox 
 2018-10-25 18:33:02,368 INFO  [Log] Searching TextBox 
 2018-10-25 18:34:24,876 INFO  [Log] ************************************************************************************************ 
 2018-10-25 18:34:24,876 INFO  [Log] ************************************************************************************************ 
 2018-10-25 18:34:24,877 INFO  [Log]      $$$$$$$$$$$$$$$$$$    createReservationFromLTB @ 25-10-2018_18-34-24   $$$$$$$$$$$$$$$$$    
 2018-10-25 18:34:24,877 INFO  [Log] ************************************************************************************************ 
 2018-10-25 18:34:24,877 INFO  [Log] ************************************************************************************************ 
 2018-10-25 18:34:25,221 INFO  [Log] ************************************************************************************************ 
 2018-10-25 18:34:25,221 INFO  [Log] ************************************************************************************************ 
 2018-10-25 18:34:25,221 INFO  [Log]      $$$$$$$$$$$$$$$$$$    ReservationPage @ 25-10-2018_18-34-25   $$$$$$$$$$$$$$$$$    
 2018-10-25 18:34:25,221 INFO  [Log] ************************************************************************************************ 
 2018-10-25 18:34:25,221 INFO  [Log] ************************************************************************************************ 
 2018-10-25 18:34:55,622 INFO  [Log] Searching TextBox 
 2018-10-25 18:35:50,081 INFO  [Log] Searching TextBox 
 2018-10-25 18:36:53,245 INFO  [Log] ************************************************************************************************ 
 2018-10-25 18:36:53,251 INFO  [Log] ************************************************************************************************ 
 2018-10-25 18:36:53,252 INFO  [Log]      $$$$$$$$$$    E-N-D of  @ 25-10-2018_18-36-53 $$$$$$$$$$$$      
 2018-10-25 18:36:53,252 INFO  [Log] ************************************************************************************************ 
 2018-10-25 18:36:53,252 INFO  [Log] ************************************************************************************************ 
 2018-10-25 18:36:53,253 INFO  [Log]   
 2018-10-25 18:36:53,254 INFO  [Log]   
 2018-10-25 18:36:53,254 INFO  [Log]   
 2018-10-25 18:37:25,688 INFO  [Log] New Chrome Driver Intiated 
 2018-10-25 18:37:51,589 INFO  [Log] ************************************************************************************************ 
 2018-10-25 18:37:51,589 INFO  [Log] ************************************************************************************************ 
 2018-10-25 18:37:51,590 INFO  [Log]      $$$$$$$$$$$$$$$$$$    Profile @ 25-10-2018_18-37-51   $$$$$$$$$$$$$$$$$    
 2018-10-25 18:37:51,590 INFO  [Log] ************************************************************************************************ 
 2018-10-25 18:37:51,590 INFO  [Log] ************************************************************************************************ 
 2018-10-25 18:37:53,398 INFO  [Log] Searching TextBox 
 2018-10-25 18:37:53,542 INFO  [Log] Searching TextBox 
 2018-10-25 18:39:29,264 INFO  [Log] ************************************************************************************************ 
 2018-10-25 18:39:29,265 INFO  [Log] ************************************************************************************************ 
 2018-10-25 18:39:29,265 INFO  [Log]      $$$$$$$$$$    E-N-D of  @ 25-10-2018_18-39-29 $$$$$$$$$$$$      
 2018-10-25 18:39:29,265 INFO  [Log] ************************************************************************************************ 
 2018-10-25 18:39:29,265 INFO  [Log] ************************************************************************************************ 
 2018-10-25 18:39:29,265 INFO  [Log]   
 2018-10-25 18:39:29,265 INFO  [Log]   
 2018-10-25 18:39:29,265 INFO  [Log]   
 2018-10-25 18:39:33,131 INFO  [Log] New Chrome Driver Intiated 
 2018-10-25 18:39:46,237 INFO  [Log] ************************************************************************************************ 
 2018-10-25 18:39:46,237 INFO  [Log] ************************************************************************************************ 
 2018-10-25 18:39:46,237 INFO  [Log]      $$$$$$$$$$$$$$$$$$    createReservation @ 25-10-2018_18-39-46   $$$$$$$$$$$$$$$$$    
 2018-10-25 18:39:46,238 INFO  [Log] ************************************************************************************************ 
 2018-10-25 18:39:46,238 INFO  [Log] ************************************************************************************************ 
 2018-10-25 18:39:47,194 INFO  [Log] Searching TextBox 
 2018-10-25 18:39:47,349 INFO  [Log] Searching TextBox 
 2018-10-25 18:41:09,618 INFO  [Log] ************************************************************************************************ 
 2018-10-25 18:41:09,618 INFO  [Log] ************************************************************************************************ 
 2018-10-25 18:41:09,618 INFO  [Log]      $$$$$$$$$$$$$$$$$$    createReservationFromLTB @ 25-10-2018_18-41-09   $$$$$$$$$$$$$$$$$    
 2018-10-25 18:41:09,618 INFO  [Log] ************************************************************************************************ 
 2018-10-25 18:41:09,618 INFO  [Log] ************************************************************************************************ 
 2018-10-25 18:41:09,968 INFO  [Log] ************************************************************************************************ 
 2018-10-25 18:41:09,968 INFO  [Log] ************************************************************************************************ 
 2018-10-25 18:41:09,968 INFO  [Log]      $$$$$$$$$$$$$$$$$$    ReservationPage @ 25-10-2018_18-41-09   $$$$$$$$$$$$$$$$$    
 2018-10-25 18:41:09,968 INFO  [Log] ************************************************************************************************ 
 2018-10-25 18:41:09,968 INFO  [Log] ************************************************************************************************ 
 2018-10-25 18:41:40,711 INFO  [Log] Searching TextBox 
 2018-10-25 18:42:33,496 INFO  [Log] Searching TextBox 
 2018-10-25 18:43:37,121 INFO  [Log] ************************************************************************************************ 
 2018-10-25 18:43:37,121 INFO  [Log] ************************************************************************************************ 
 2018-10-25 18:43:37,121 INFO  [Log]      $$$$$$$$$$    E-N-D of  @ 25-10-2018_18-43-37 $$$$$$$$$$$$      
 2018-10-25 18:43:37,122 INFO  [Log] ************************************************************************************************ 
 2018-10-25 18:43:37,122 INFO  [Log] ************************************************************************************************ 
 2018-10-25 18:43:37,122 INFO  [Log]   
 2018-10-25 18:43:37,122 INFO  [Log]   
 2018-10-25 18:43:37,122 INFO  [Log]   
 2018-10-26 12:23:01,105 INFO  [Log] New Chrome Driver Intiated 
 2018-10-26 12:23:18,638 INFO  [Log] ************************************************************************************************ 
 2018-10-26 12:23:18,639 INFO  [Log] ************************************************************************************************ 
 2018-10-26 12:23:18,639 INFO  [Log]      $$$$$$$$$$$$$$$$$$    Profile @ 26-10-2018_12-23-18   $$$$$$$$$$$$$$$$$    
 2018-10-26 12:23:18,639 INFO  [Log] ************************************************************************************************ 
 2018-10-26 12:23:18,639 INFO  [Log] ************************************************************************************************ 
 2018-10-26 12:23:20,690 INFO  [Log] Searching TextBox 
 2018-10-26 12:23:20,878 INFO  [Log] Searching TextBox 
 2018-10-26 12:24:58,523 INFO  [Log] ************************************************************************************************ 
 2018-10-26 12:24:58,523 INFO  [Log] ************************************************************************************************ 
 2018-10-26 12:24:58,523 INFO  [Log]      $$$$$$$$$$    E-N-D of  @ 26-10-2018_12-24-58 $$$$$$$$$$$$      
 2018-10-26 12:24:58,523 INFO  [Log] ************************************************************************************************ 
 2018-10-26 12:24:58,523 INFO  [Log] ************************************************************************************************ 
 2018-10-26 12:24:58,523 INFO  [Log]   
 2018-10-26 12:24:58,523 INFO  [Log]   
 2018-10-26 12:24:58,523 INFO  [Log]   
 2018-10-26 12:25:03,112 INFO  [Log] New Chrome Driver Intiated 
 2018-10-26 12:25:16,959 INFO  [Log] ************************************************************************************************ 
 2018-10-26 12:25:16,959 INFO  [Log] ************************************************************************************************ 
 2018-10-26 12:25:16,959 INFO  [Log]      $$$$$$$$$$$$$$$$$$    createReservation @ 26-10-2018_12-25-16   $$$$$$$$$$$$$$$$$    
 2018-10-26 12:25:16,960 INFO  [Log] ************************************************************************************************ 
 2018-10-26 12:25:16,960 INFO  [Log] ************************************************************************************************ 
 2018-10-26 12:25:18,507 INFO  [Log] Searching TextBox 
 2018-10-26 12:25:18,622 INFO  [Log] Searching TextBox 
 2018-10-26 12:26:44,987 INFO  [Log] ************************************************************************************************ 
 2018-10-26 12:26:44,987 INFO  [Log] ************************************************************************************************ 
 2018-10-26 12:26:44,988 INFO  [Log]      $$$$$$$$$$$$$$$$$$    createReservationFromLTB @ 26-10-2018_12-26-44   $$$$$$$$$$$$$$$$$    
 2018-10-26 12:26:44,988 INFO  [Log] ************************************************************************************************ 
 2018-10-26 12:26:44,988 INFO  [Log] ************************************************************************************************ 
 2018-10-26 12:26:45,332 INFO  [Log] ************************************************************************************************ 
 2018-10-26 12:26:45,332 INFO  [Log] ************************************************************************************************ 
 2018-10-26 12:26:45,332 INFO  [Log]      $$$$$$$$$$$$$$$$$$    ReservationPage @ 26-10-2018_12-26-45   $$$$$$$$$$$$$$$$$    
 2018-10-26 12:26:45,332 INFO  [Log] ************************************************************************************************ 
 2018-10-26 12:26:45,332 INFO  [Log] ************************************************************************************************ 
 2018-10-26 12:27:16,576 INFO  [Log] Searching TextBox 
 2018-10-26 12:28:08,586 INFO  [Log] Searching TextBox 
 2018-10-26 12:29:14,399 INFO  [Log] ************************************************************************************************ 
 2018-10-26 12:29:14,399 INFO  [Log] ************************************************************************************************ 
 2018-10-26 12:29:14,400 INFO  [Log]      $$$$$$$$$$    E-N-D of  @ 26-10-2018_12-29-14 $$$$$$$$$$$$      
 2018-10-26 12:29:14,401 INFO  [Log] ************************************************************************************************ 
 2018-10-26 12:29:14,401 INFO  [Log] ************************************************************************************************ 
 2018-10-26 12:29:14,401 INFO  [Log]   
 2018-10-26 12:29:14,401 INFO  [Log]   
 2018-10-26 12:29:14,401 INFO  [Log]   
 2018-10-26 12:42:06,370 INFO  [Log] New Chrome Driver Intiated 
 2018-10-26 12:42:28,742 INFO  [Log] ************************************************************************************************ 
 2018-10-26 12:42:28,742 INFO  [Log] ************************************************************************************************ 
 2018-10-26 12:42:28,742 INFO  [Log]      $$$$$$$$$$$$$$$$$$    Profile @ 26-10-2018_12-42-28   $$$$$$$$$$$$$$$$$    
 2018-10-26 12:42:28,742 INFO  [Log] ************************************************************************************************ 
 2018-10-26 12:42:28,743 INFO  [Log] ************************************************************************************************ 
 2018-10-26 12:42:30,454 INFO  [Log] Searching TextBox 
 2018-10-26 12:42:30,635 INFO  [Log] Searching TextBox 
 2018-10-26 12:43:26,326 INFO  [Log] Searching TextBox 
 2018-10-26 12:43:54,844 INFO  [Log] ************************************************************************************************ 
 2018-10-26 12:43:54,845 INFO  [Log] ************************************************************************************************ 
 2018-10-26 12:43:54,845 INFO  [Log]      $$$$$$$$$$    E-N-D of  @ 26-10-2018_12-43-54 $$$$$$$$$$$$      
 2018-10-26 12:43:54,845 INFO  [Log] ************************************************************************************************ 
 2018-10-26 12:43:54,845 INFO  [Log] ************************************************************************************************ 
 2018-10-26 12:43:54,845 INFO  [Log]   
 2018-10-26 12:43:54,845 INFO  [Log]   
 2018-10-26 12:43:54,845 INFO  [Log]   
 2018-10-26 13:09:23,200 INFO  [Log] New Chrome Driver Intiated 
 2018-10-26 13:09:40,309 INFO  [Log] ************************************************************************************************ 
 2018-10-26 13:09:40,309 INFO  [Log] ************************************************************************************************ 
 2018-10-26 13:09:40,309 INFO  [Log]      $$$$$$$$$$$$$$$$$$    createReservation @ 26-10-2018_13-09-40   $$$$$$$$$$$$$$$$$    
 2018-10-26 13:09:40,309 INFO  [Log] ************************************************************************************************ 
 2018-10-26 13:09:40,309 INFO  [Log] ************************************************************************************************ 
 2018-10-26 13:09:41,934 INFO  [Log] Searching TextBox 
 2018-10-26 13:09:42,081 INFO  [Log] Searching TextBox 
 2018-10-26 13:11:02,582 INFO  [Log] ************************************************************************************************ 
 2018-10-26 13:11:02,582 INFO  [Log] ************************************************************************************************ 
 2018-10-26 13:11:02,582 INFO  [Log]      $$$$$$$$$$$$$$$$$$    createReservationFromLTB @ 26-10-2018_13-11-02   $$$$$$$$$$$$$$$$$    
 2018-10-26 13:11:02,582 INFO  [Log] ************************************************************************************************ 
 2018-10-26 13:11:02,582 INFO  [Log] ************************************************************************************************ 
 2018-10-26 13:11:02,910 INFO  [Log] ************************************************************************************************ 
 2018-10-26 13:11:02,910 INFO  [Log] ************************************************************************************************ 
 2018-10-26 13:11:02,910 INFO  [Log]      $$$$$$$$$$$$$$$$$$    ReservationPage @ 26-10-2018_13-11-02   $$$$$$$$$$$$$$$$$    
 2018-10-26 13:11:02,910 INFO  [Log] ************************************************************************************************ 
 2018-10-26 13:11:02,910 INFO  [Log] ************************************************************************************************ 
 2018-10-26 13:11:33,933 INFO  [Log] Searching TextBox 
 2018-10-26 13:12:28,096 INFO  [Log] Searching TextBox 
 2018-10-26 13:13:29,249 INFO  [Log] ************************************************************************************************ 
 2018-10-26 13:13:29,249 INFO  [Log] ************************************************************************************************ 
 2018-10-26 13:13:29,250 INFO  [Log]      $$$$$$$$$$    E-N-D of  @ 26-10-2018_13-13-29 $$$$$$$$$$$$      
 2018-10-26 13:13:29,250 INFO  [Log] ************************************************************************************************ 
 2018-10-26 13:13:29,250 INFO  [Log] ************************************************************************************************ 
 2018-10-26 13:13:29,250 INFO  [Log]   
 2018-10-26 13:13:29,251 INFO  [Log]   
 2018-10-26 13:13:29,251 INFO  [Log]   
 2018-10-26 15:05:34,633 INFO  [Log] New Chrome Driver Intiated 
 2018-10-26 15:08:33,521 INFO  [Log] New Chrome Driver Intiated 
 2018-10-26 15:08:53,438 INFO  [Log] ************************************************************************************************ 
 2018-10-26 15:08:53,438 INFO  [Log] ************************************************************************************************ 
 2018-10-26 15:08:53,438 INFO  [Log]      $$$$$$$$$$$$$$$$$$    createReservation @ 26-10-2018_15-08-53   $$$$$$$$$$$$$$$$$    
 2018-10-26 15:08:53,438 INFO  [Log] ************************************************************************************************ 
 2018-10-26 15:08:53,438 INFO  [Log] ************************************************************************************************ 
 2018-10-26 15:08:55,096 INFO  [Log] Searching TextBox 
 2018-10-26 15:08:55,225 INFO  [Log] Searching TextBox 
 2018-10-26 15:49:51,470 INFO  [Log] New Chrome Driver Intiated 
 2018-10-26 15:50:08,196 INFO  [Log] ************************************************************************************************ 
 2018-10-26 15:50:08,196 INFO  [Log] ************************************************************************************************ 
 2018-10-26 15:50:08,196 INFO  [Log]      $$$$$$$$$$$$$$$$$$    Profile @ 26-10-2018_15-50-08   $$$$$$$$$$$$$$$$$    
 2018-10-26 15:50:08,196 INFO  [Log] ************************************************************************************************ 
 2018-10-26 15:50:08,196 INFO  [Log] ************************************************************************************************ 
 2018-10-26 15:50:09,938 INFO  [Log] Searching TextBox 
 2018-10-26 15:50:10,100 INFO  [Log] Searching TextBox 
 2018-10-26 15:51:50,140 INFO  [Log] ************************************************************************************************ 
 2018-10-26 15:51:50,140 INFO  [Log] ************************************************************************************************ 
 2018-10-26 15:51:50,140 INFO  [Log]      $$$$$$$$$$    E-N-D of  @ 26-10-2018_15-51-50 $$$$$$$$$$$$      
 2018-10-26 15:51:50,140 INFO  [Log] ************************************************************************************************ 
 2018-10-26 15:51:50,140 INFO  [Log] ************************************************************************************************ 
 2018-10-26 15:51:50,140 INFO  [Log]   
 2018-10-26 15:51:50,140 INFO  [Log]   
 2018-10-26 15:51:50,140 INFO  [Log]   
 2018-10-26 15:57:06,832 INFO  [Log] New Chrome Driver Intiated 
 2018-10-26 15:57:25,349 INFO  [Log] ************************************************************************************************ 
 2018-10-26 15:57:25,349 INFO  [Log] ************************************************************************************************ 
 2018-10-26 15:57:25,349 INFO  [Log]      $$$$$$$$$$$$$$$$$$    createReservation @ 26-10-2018_15-57-25   $$$$$$$$$$$$$$$$$    
 2018-10-26 15:57:25,349 INFO  [Log] ************************************************************************************************ 
 2018-10-26 15:57:25,349 INFO  [Log] ************************************************************************************************ 
 2018-10-26 15:57:27,464 INFO  [Log] Searching TextBox 
 2018-10-26 15:57:27,666 INFO  [Log] Searching TextBox 
 2018-10-26 15:58:51,593 INFO  [Log] ************************************************************************************************ 
 2018-10-26 15:58:51,593 INFO  [Log] ************************************************************************************************ 
 2018-10-26 15:58:51,593 INFO  [Log]      $$$$$$$$$$$$$$$$$$    createReservationFromLTB @ 26-10-2018_15-58-51   $$$$$$$$$$$$$$$$$    
 2018-10-26 15:58:51,593 INFO  [Log] ************************************************************************************************ 
 2018-10-26 15:58:51,593 INFO  [Log] ************************************************************************************************ 
 2018-10-26 15:58:51,958 INFO  [Log] ************************************************************************************************ 
 2018-10-26 15:58:51,958 INFO  [Log] ************************************************************************************************ 
 2018-10-26 15:58:51,958 INFO  [Log]      $$$$$$$$$$$$$$$$$$    ReservationPage @ 26-10-2018_15-58-51   $$$$$$$$$$$$$$$$$    
 2018-10-26 15:58:51,958 INFO  [Log] ************************************************************************************************ 
 2018-10-26 15:58:51,959 INFO  [Log] ************************************************************************************************ 
 2018-10-26 15:59:23,859 INFO  [Log] Searching TextBox 
 2018-10-26 16:00:18,124 INFO  [Log] Searching TextBox 
 2018-10-26 16:01:22,665 INFO  [Log] ************************************************************************************************ 
 2018-10-26 16:01:22,665 INFO  [Log] ************************************************************************************************ 
 2018-10-26 16:01:22,665 INFO  [Log]      $$$$$$$$$$    E-N-D of  @ 26-10-2018_16-01-22 $$$$$$$$$$$$      
 2018-10-26 16:01:22,665 INFO  [Log] ************************************************************************************************ 
 2018-10-26 16:01:22,666 INFO  [Log] ************************************************************************************************ 
 2018-10-26 16:01:22,666 INFO  [Log]   
 2018-10-26 16:01:22,666 INFO  [Log]   
 2018-10-26 16:01:22,666 INFO  [Log]   
 2018-10-29 11:46:41,283 INFO  [Log] New Chrome Driver Intiated 
 2018-10-29 11:47:17,042 INFO  [Log] ************************************************************************************************ 
 2018-10-29 11:47:17,042 INFO  [Log] ************************************************************************************************ 
 2018-10-29 11:47:17,042 INFO  [Log]      $$$$$$$$$$$$$$$$$$    createReservation @ 29-10-2018_11-47-17   $$$$$$$$$$$$$$$$$    
 2018-10-29 11:47:17,042 INFO  [Log] ************************************************************************************************ 
 2018-10-29 11:47:17,042 INFO  [Log] ************************************************************************************************ 
 2018-10-29 11:47:19,416 INFO  [Log] Searching TextBox 
 2018-10-29 11:47:19,592 INFO  [Log] Searching TextBox 
 2018-10-29 11:49:07,140 INFO  [Log] ************************************************************************************************ 
 2018-10-29 11:49:07,140 INFO  [Log] ************************************************************************************************ 
 2018-10-29 11:49:07,140 INFO  [Log]      $$$$$$$$$$    E-N-D of  @ 29-10-2018_11-49-07 $$$$$$$$$$$$      
 2018-10-29 11:49:07,140 INFO  [Log] ************************************************************************************************ 
 2018-10-29 11:49:07,140 INFO  [Log] ************************************************************************************************ 
 2018-10-29 11:49:07,140 INFO  [Log]   
 2018-10-29 11:49:07,140 INFO  [Log]   
 2018-10-29 11:49:07,140 INFO  [Log]   
 2018-10-29 11:49:30,439 INFO  [Log] New Chrome Driver Intiated 
 2018-10-29 11:49:46,853 INFO  [Log] ************************************************************************************************ 
 2018-10-29 11:49:46,853 INFO  [Log] ************************************************************************************************ 
 2018-10-29 11:49:46,853 INFO  [Log]      $$$$$$$$$$$$$$$$$$    createReservation @ 29-10-2018_11-49-46   $$$$$$$$$$$$$$$$$    
 2018-10-29 11:49:46,853 INFO  [Log] ************************************************************************************************ 
 2018-10-29 11:49:46,853 INFO  [Log] ************************************************************************************************ 
 2018-10-29 11:49:48,705 INFO  [Log] Searching TextBox 
 2018-10-29 11:49:48,848 INFO  [Log] Searching TextBox 
 2018-10-29 11:51:40,450 INFO  [Log] ************************************************************************************************ 
 2018-10-29 11:51:40,450 INFO  [Log] ************************************************************************************************ 
 2018-10-29 11:51:40,450 INFO  [Log]      $$$$$$$$$$$$$$$$$$    createReservationFromLTB @ 29-10-2018_11-51-40   $$$$$$$$$$$$$$$$$    
 2018-10-29 11:51:40,450 INFO  [Log] ************************************************************************************************ 
 2018-10-29 11:51:40,450 INFO  [Log] ************************************************************************************************ 
 2018-10-29 11:51:40,769 INFO  [Log] ************************************************************************************************ 
 2018-10-29 11:51:40,769 INFO  [Log] ************************************************************************************************ 
 2018-10-29 11:51:40,770 INFO  [Log]      $$$$$$$$$$$$$$$$$$    ReservationPage @ 29-10-2018_11-51-40   $$$$$$$$$$$$$$$$$    
 2018-10-29 11:51:40,770 INFO  [Log] ************************************************************************************************ 
 2018-10-29 11:51:40,770 INFO  [Log] ************************************************************************************************ 
 2018-10-29 11:52:11,871 INFO  [Log] Searching TextBox 
 2018-10-29 11:53:30,353 INFO  [Log] Searching TextBox 
 2018-10-29 11:55:22,222 INFO  [Log] ************************************************************************************************ 
 2018-10-29 11:55:22,222 INFO  [Log] ************************************************************************************************ 
 2018-10-29 11:55:22,222 INFO  [Log]      $$$$$$$$$$    E-N-D of  @ 29-10-2018_11-55-22 $$$$$$$$$$$$      
 2018-10-29 11:55:22,222 INFO  [Log] ************************************************************************************************ 
 2018-10-29 11:55:22,222 INFO  [Log] ************************************************************************************************ 
 2018-10-29 11:55:22,222 INFO  [Log]   
 2018-10-29 11:55:22,222 INFO  [Log]   
 2018-10-29 11:55:22,222 INFO  [Log]   
 2018-10-29 12:17:29,239 INFO  [Log] New Chrome Driver Intiated 
 2018-10-29 12:17:58,030 INFO  [Log] ************************************************************************************************ 
 2018-10-29 12:17:58,030 INFO  [Log] ************************************************************************************************ 
 2018-10-29 12:17:58,030 INFO  [Log]      $$$$$$$$$$$$$$$$$$    Profile @ 29-10-2018_12-17-58   $$$$$$$$$$$$$$$$$    
 2018-10-29 12:17:58,030 INFO  [Log] ************************************************************************************************ 
 2018-10-29 12:17:58,030 INFO  [Log] ************************************************************************************************ 
 2018-10-29 12:18:00,211 INFO  [Log] Searching TextBox 
 2018-10-29 12:18:00,477 INFO  [Log] Searching TextBox 
 2018-10-29 12:19:39,165 INFO  [Log] ************************************************************************************************ 
 2018-10-29 12:19:39,167 INFO  [Log] ************************************************************************************************ 
 2018-10-29 12:19:39,167 INFO  [Log]      $$$$$$$$$$    E-N-D of  @ 29-10-2018_12-19-39 $$$$$$$$$$$$      
 2018-10-29 12:19:39,167 INFO  [Log] ************************************************************************************************ 
 2018-10-29 12:19:39,167 INFO  [Log] ************************************************************************************************ 
 2018-10-29 12:19:39,168 INFO  [Log]   
 2018-10-29 12:19:39,168 INFO  [Log]   
 2018-10-29 12:19:39,168 INFO  [Log]   
 2018-10-29 12:41:10,581 INFO  [Log] New Chrome Driver Intiated 
 2018-10-29 12:41:27,301 INFO  [Log] ************************************************************************************************ 
 2018-10-29 12:41:27,302 INFO  [Log] ************************************************************************************************ 
 2018-10-29 12:41:27,302 INFO  [Log]      $$$$$$$$$$$$$$$$$$    Profile @ 29-10-2018_12-41-27   $$$$$$$$$$$$$$$$$    
 2018-10-29 12:41:27,302 INFO  [Log] ************************************************************************************************ 
 2018-10-29 12:41:27,302 INFO  [Log] ************************************************************************************************ 
 2018-10-29 12:41:29,065 INFO  [Log] Searching TextBox 
 2018-10-29 12:41:29,257 INFO  [Log] Searching TextBox 
 2018-10-29 12:43:07,238 INFO  [Log] ************************************************************************************************ 
 2018-10-29 12:43:07,239 INFO  [Log] ************************************************************************************************ 
 2018-10-29 12:43:07,239 INFO  [Log]      $$$$$$$$$$    E-N-D of  @ 29-10-2018_12-43-07 $$$$$$$$$$$$      
 2018-10-29 12:43:07,239 INFO  [Log] ************************************************************************************************ 
 2018-10-29 12:43:07,239 INFO  [Log] ************************************************************************************************ 
 2018-10-29 12:43:07,239 INFO  [Log]   
 2018-10-29 12:43:07,239 INFO  [Log]   
 2018-10-29 12:43:07,239 INFO  [Log]   
 2018-10-29 12:45:17,074 INFO  [Log] New Chrome Driver Intiated 
 2018-10-29 12:45:36,780 INFO  [Log] ************************************************************************************************ 
 2018-10-29 12:45:36,780 INFO  [Log] ************************************************************************************************ 
 2018-10-29 12:45:36,781 INFO  [Log]      $$$$$$$$$$$$$$$$$$    Profile @ 29-10-2018_12-45-36   $$$$$$$$$$$$$$$$$    
 2018-10-29 12:45:36,781 INFO  [Log] ************************************************************************************************ 
 2018-10-29 12:45:36,781 INFO  [Log] ************************************************************************************************ 
 2018-10-29 12:45:38,733 INFO  [Log] Searching TextBox 
 2018-10-29 12:45:38,856 INFO  [Log] Searching TextBox 
 2018-10-29 12:47:14,381 INFO  [Log] ************************************************************************************************ 
 2018-10-29 12:47:14,381 INFO  [Log] ************************************************************************************************ 
 2018-10-29 12:47:14,381 INFO  [Log]      $$$$$$$$$$    E-N-D of  @ 29-10-2018_12-47-14 $$$$$$$$$$$$      
 2018-10-29 12:47:14,381 INFO  [Log] ************************************************************************************************ 
 2018-10-29 12:47:14,381 INFO  [Log] ************************************************************************************************ 
 2018-10-29 12:47:14,381 INFO  [Log]   
 2018-10-29 12:47:14,381 INFO  [Log]   
 2018-10-29 12:47:14,381 INFO  [Log]   
 2018-10-29 12:47:17,000 INFO  [Log] New Chrome Driver Intiated 
 2018-10-29 12:47:30,306 INFO  [Log] ************************************************************************************************ 
 2018-10-29 12:47:30,306 INFO  [Log] ************************************************************************************************ 
 2018-10-29 12:47:30,306 INFO  [Log]      $$$$$$$$$$$$$$$$$$    createReservation @ 29-10-2018_12-47-30   $$$$$$$$$$$$$$$$$    
 2018-10-29 12:47:30,306 INFO  [Log] ************************************************************************************************ 
 2018-10-29 12:47:30,306 INFO  [Log] ************************************************************************************************ 
 2018-10-29 12:47:31,802 INFO  [Log] Searching TextBox 
 2018-10-29 12:47:31,906 INFO  [Log] Searching TextBox 
 2018-10-29 12:48:55,021 INFO  [Log] ************************************************************************************************ 
 2018-10-29 12:48:55,021 INFO  [Log] ************************************************************************************************ 
 2018-10-29 12:48:55,021 INFO  [Log]      $$$$$$$$$$$$$$$$$$    createReservationFromLTB @ 29-10-2018_12-48-55   $$$$$$$$$$$$$$$$$    
 2018-10-29 12:48:55,021 INFO  [Log] ************************************************************************************************ 
 2018-10-29 12:48:55,021 INFO  [Log] ************************************************************************************************ 
 2018-10-29 12:48:55,392 INFO  [Log] ************************************************************************************************ 
 2018-10-29 12:48:55,392 INFO  [Log] ************************************************************************************************ 
 2018-10-29 12:48:55,392 INFO  [Log]      $$$$$$$$$$$$$$$$$$    ReservationPage @ 29-10-2018_12-48-55   $$$$$$$$$$$$$$$$$    
 2018-10-29 12:48:55,392 INFO  [Log] ************************************************************************************************ 
 2018-10-29 12:48:55,392 INFO  [Log] ************************************************************************************************ 
 2018-10-29 12:49:25,657 INFO  [Log] Searching TextBox 
 2018-10-29 12:50:18,648 INFO  [Log] Searching TextBox 
 2018-10-29 12:51:19,590 INFO  [Log] ************************************************************************************************ 
 2018-10-29 12:51:19,590 INFO  [Log] ************************************************************************************************ 
 2018-10-29 12:51:19,590 INFO  [Log]      $$$$$$$$$$    E-N-D of  @ 29-10-2018_12-51-19 $$$$$$$$$$$$      
 2018-10-29 12:51:19,590 INFO  [Log] ************************************************************************************************ 
 2018-10-29 12:51:19,590 INFO  [Log] ************************************************************************************************ 
 2018-10-29 12:51:19,590 INFO  [Log]   
 2018-10-29 12:51:19,590 INFO  [Log]   
 2018-10-29 12:51:19,590 INFO  [Log]   
 2018-10-29 13:54:36,046 INFO  [Log] New Chrome Driver Intiated 
 2018-10-29 13:54:53,895 INFO  [Log] ************************************************************************************************ 
 2018-10-29 13:54:53,895 INFO  [Log] ************************************************************************************************ 
 2018-10-29 13:54:53,896 INFO  [Log]      $$$$$$$$$$$$$$$$$$    Profile @ 29-10-2018_13-54-53   $$$$$$$$$$$$$$$$$    
 2018-10-29 13:54:53,896 INFO  [Log] ************************************************************************************************ 
 2018-10-29 13:54:53,896 INFO  [Log] ************************************************************************************************ 
 2018-10-29 13:54:55,681 INFO  [Log] Searching TextBox 
 2018-10-29 13:54:55,797 INFO  [Log] Searching TextBox 
 2018-10-29 13:56:33,085 INFO  [Log] ************************************************************************************************ 
 2018-10-29 13:56:33,085 INFO  [Log] ************************************************************************************************ 
 2018-10-29 13:56:33,085 INFO  [Log]      $$$$$$$$$$    E-N-D of  @ 29-10-2018_13-56-33 $$$$$$$$$$$$      
 2018-10-29 13:56:33,085 INFO  [Log] ************************************************************************************************ 
 2018-10-29 13:56:33,086 INFO  [Log] ************************************************************************************************ 
 2018-10-29 13:56:33,086 INFO  [Log]   
 2018-10-29 13:56:33,086 INFO  [Log]   
 2018-10-29 13:56:33,086 INFO  [Log]   
 2018-10-29 13:56:35,971 INFO  [Log] New Chrome Driver Intiated 
 2018-10-29 13:56:50,748 INFO  [Log] ************************************************************************************************ 
 2018-10-29 13:56:50,748 INFO  [Log] ************************************************************************************************ 
 2018-10-29 13:56:50,748 INFO  [Log]      $$$$$$$$$$$$$$$$$$    createReservation @ 29-10-2018_13-56-50   $$$$$$$$$$$$$$$$$    
 2018-10-29 13:56:50,748 INFO  [Log] ************************************************************************************************ 
 2018-10-29 13:56:50,748 INFO  [Log] ************************************************************************************************ 
 2018-10-29 13:56:52,280 INFO  [Log] Searching TextBox 
 2018-10-29 13:56:52,390 INFO  [Log] Searching TextBox 
 2018-10-29 13:58:12,888 INFO  [Log] ************************************************************************************************ 
 2018-10-29 13:58:12,888 INFO  [Log] ************************************************************************************************ 
 2018-10-29 13:58:12,888 INFO  [Log]      $$$$$$$$$$$$$$$$$$    createReservationFromLTB @ 29-10-2018_13-58-12   $$$$$$$$$$$$$$$$$    
 2018-10-29 13:58:12,888 INFO  [Log] ************************************************************************************************ 
 2018-10-29 13:58:12,888 INFO  [Log] ************************************************************************************************ 
 2018-10-29 13:58:13,231 INFO  [Log] ************************************************************************************************ 
 2018-10-29 13:58:13,231 INFO  [Log] ************************************************************************************************ 
 2018-10-29 13:58:13,231 INFO  [Log]      $$$$$$$$$$$$$$$$$$    ReservationPage @ 29-10-2018_13-58-13   $$$$$$$$$$$$$$$$$    
 2018-10-29 13:58:13,231 INFO  [Log] ************************************************************************************************ 
 2018-10-29 13:58:13,231 INFO  [Log] ************************************************************************************************ 
 2018-10-29 13:58:43,494 INFO  [Log] Searching TextBox 
 2018-10-29 13:59:38,077 INFO  [Log] Searching TextBox 
 2018-10-29 14:00:39,221 INFO  [Log] ************************************************************************************************ 
 2018-10-29 14:00:39,221 INFO  [Log] ************************************************************************************************ 
 2018-10-29 14:00:39,221 INFO  [Log]      $$$$$$$$$$    E-N-D of  @ 29-10-2018_14-00-39 $$$$$$$$$$$$      
 2018-10-29 14:00:39,221 INFO  [Log] ************************************************************************************************ 
 2018-10-29 14:00:39,221 INFO  [Log] ************************************************************************************************ 
 2018-10-29 14:00:39,221 INFO  [Log]   
 2018-10-29 14:00:39,221 INFO  [Log]   
 2018-10-29 14:00:39,221 INFO  [Log]   
 2018-10-29 15:16:06,912 INFO  [Log] New Chrome Driver Intiated 
 2018-10-29 15:16:23,566 INFO  [Log] ************************************************************************************************ 
 2018-10-29 15:16:23,566 INFO  [Log] ************************************************************************************************ 
 2018-10-29 15:16:23,566 INFO  [Log]      $$$$$$$$$$$$$$$$$$    Profile @ 29-10-2018_15-16-23   $$$$$$$$$$$$$$$$$    
 2018-10-29 15:16:23,566 INFO  [Log] ************************************************************************************************ 
 2018-10-29 15:16:23,566 INFO  [Log] ************************************************************************************************ 
 2018-10-29 15:16:25,649 INFO  [Log] Searching TextBox 
 2018-10-29 15:16:25,838 INFO  [Log] Searching TextBox 
 2018-10-29 15:18:15,964 INFO  [Log] ************************************************************************************************ 
 2018-10-29 15:18:15,964 INFO  [Log] ************************************************************************************************ 
 2018-10-29 15:18:15,965 INFO  [Log]      $$$$$$$$$$    E-N-D of  @ 29-10-2018_15-18-15 $$$$$$$$$$$$      
 2018-10-29 15:18:15,965 INFO  [Log] ************************************************************************************************ 
 2018-10-29 15:18:15,965 INFO  [Log] ************************************************************************************************ 
 2018-10-29 15:18:15,965 INFO  [Log]   
 2018-10-29 15:18:15,965 INFO  [Log]   
 2018-10-29 15:18:15,965 INFO  [Log]   
 2018-10-29 15:18:20,298 INFO  [Log] New Chrome Driver Intiated 
 2018-10-29 15:18:35,931 INFO  [Log] ************************************************************************************************ 
 2018-10-29 15:18:35,931 INFO  [Log] ************************************************************************************************ 
 2018-10-29 15:18:35,931 INFO  [Log]      $$$$$$$$$$$$$$$$$$    createReservation @ 29-10-2018_15-18-35   $$$$$$$$$$$$$$$$$    
 2018-10-29 15:18:35,931 INFO  [Log] ************************************************************************************************ 
 2018-10-29 15:18:35,931 INFO  [Log] ************************************************************************************************ 
 2018-10-29 15:19:46,614 INFO  [Log] Searching TextBox 
 2018-10-29 15:19:46,766 INFO  [Log] Searching TextBox 
 2018-10-29 15:21:16,861 INFO  [Log] ************************************************************************************************ 
 2018-10-29 15:21:16,861 INFO  [Log] ************************************************************************************************ 
 2018-10-29 15:21:16,861 INFO  [Log]      $$$$$$$$$$$$$$$$$$    createReservationFromLTB @ 29-10-2018_15-21-16   $$$$$$$$$$$$$$$$$    
 2018-10-29 15:21:16,861 INFO  [Log] ************************************************************************************************ 
 2018-10-29 15:21:16,862 INFO  [Log] ************************************************************************************************ 
 2018-10-29 15:21:17,347 INFO  [Log] ************************************************************************************************ 
 2018-10-29 15:21:17,348 INFO  [Log] ************************************************************************************************ 
 2018-10-29 15:21:17,348 INFO  [Log]      $$$$$$$$$$$$$$$$$$    ReservationPage @ 29-10-2018_15-21-17   $$$$$$$$$$$$$$$$$    
 2018-10-29 15:21:17,348 INFO  [Log] ************************************************************************************************ 
 2018-10-29 15:21:17,348 INFO  [Log] ************************************************************************************************ 
 2018-10-29 15:21:51,406 INFO  [Log] Searching TextBox 
 2018-10-29 15:22:47,847 INFO  [Log] Searching TextBox 
 2018-10-29 15:23:53,639 INFO  [Log] ************************************************************************************************ 
 2018-10-29 15:23:53,639 INFO  [Log] ************************************************************************************************ 
 2018-10-29 15:23:53,639 INFO  [Log]      $$$$$$$$$$    E-N-D of  @ 29-10-2018_15-23-53 $$$$$$$$$$$$      
 2018-10-29 15:23:53,639 INFO  [Log] ************************************************************************************************ 
 2018-10-29 15:23:53,640 INFO  [Log] ************************************************************************************************ 
 2018-10-29 15:23:53,640 INFO  [Log]   
 2018-10-29 15:23:53,640 INFO  [Log]   
 2018-10-29 15:23:53,640 INFO  [Log]   
 