2018-10-16 12:32:17,376 INFO  [Log] New Chrome Driver Intiated 
 2018-10-16 12:33:58,652 INFO  [Log] New Chrome Driver Intiated 
 2018-10-16 12:34:15,161 INFO  [Log] ************************************************************************************************ 
 2018-10-16 12:34:15,161 INFO  [Log] ************************************************************************************************ 
 2018-10-16 12:34:15,161 INFO  [Log]      $$$$$$$$$$$$$$$$$$    Profile @ 16-10-2018_12-34-15   $$$$$$$$$$$$$$$$$    
 2018-10-16 12:34:15,161 INFO  [Log] ************************************************************************************************ 
 2018-10-16 12:34:15,161 INFO  [Log] ************************************************************************************************ 
 2018-10-16 12:34:17,175 INFO  [Log] Searching TextBox 
 2018-10-16 12:34:17,328 INFO  [Log] Searching TextBox 
 2018-10-16 12:35:01,362 INFO  [Log] ************************************************************************************************ 
 2018-10-16 12:35:01,362 INFO  [Log] ************************************************************************************************ 
 2018-10-16 12:35:01,362 INFO  [Log]      $$$$$$$$$$    E-N-D of  @ 16-10-2018_12-35-01 $$$$$$$$$$$$      
 2018-10-16 12:35:01,362 INFO  [Log] ************************************************************************************************ 
 2018-10-16 12:35:01,362 INFO  [Log] ************************************************************************************************ 
 2018-10-16 12:35:01,362 INFO  [Log]   
 2018-10-16 12:35:01,362 INFO  [Log]   
 2018-10-16 12:35:01,362 INFO  [Log]   
 2018-10-16 12:35:19,663 INFO  [Log] ************************************************************************************************ 
 2018-10-16 12:35:19,663 INFO  [Log] ************************************************************************************************ 
 2018-10-16 12:35:19,664 INFO  [Log]      $$$$$$$$$$    E-N-D of  @ 16-10-2018_12-35-19 $$$$$$$$$$$$      
 2018-10-16 12:35:19,664 INFO  [Log] ************************************************************************************************ 
 2018-10-16 12:35:19,664 INFO  [Log] ************************************************************************************************ 
 2018-10-16 12:35:19,664 INFO  [Log]   
 2018-10-16 12:35:19,664 INFO  [Log]   
 2018-10-16 12:35:19,664 INFO  [Log]   
 2018-10-16 13:52:07,626 INFO  [Log] New Chrome Driver Intiated 
 2018-10-16 13:52:24,495 INFO  [Log] Searching TextBox 
 2018-10-16 13:52:24,680 INFO  [Log] Searching TextBox 
 2018-10-16 13:52:58,620 INFO  [Log] ************************************************************************************************ 
 2018-10-16 13:52:58,620 INFO  [Log] ************************************************************************************************ 
 2018-10-16 13:52:58,620 INFO  [Log]      $$$$$$$$$$    E-N-D of  @ 16-10-2018_13-52-58 $$$$$$$$$$$$      
 2018-10-16 13:52:58,620 INFO  [Log] ************************************************************************************************ 
 2018-10-16 13:52:58,620 INFO  [Log] ************************************************************************************************ 
 2018-10-16 13:52:58,620 INFO  [Log]   
 2018-10-16 13:52:58,620 INFO  [Log]   
 2018-10-16 13:52:58,620 INFO  [Log]   
 2018-10-16 14:09:08,581 INFO  [Log] New Chrome Driver Intiated 
 2018-10-16 14:12:39,273 INFO  [Log] New Chrome Driver Intiated 
 2018-10-16 14:12:56,443 INFO  [Log] Searching TextBox 
 2018-10-16 14:12:56,580 INFO  [Log] Searching TextBox 
 2018-10-16 14:13:31,481 INFO  [Log] ************************************************************************************************ 
 2018-10-16 14:13:31,481 INFO  [Log] ************************************************************************************************ 
 2018-10-16 14:13:31,481 INFO  [Log]      $$$$$$$$$$    E-N-D of  @ 16-10-2018_14-13-31 $$$$$$$$$$$$      
 2018-10-16 14:13:31,481 INFO  [Log] ************************************************************************************************ 
 2018-10-16 14:13:31,481 INFO  [Log] ************************************************************************************************ 
 2018-10-16 14:13:31,482 INFO  [Log]   
 2018-10-16 14:13:31,482 INFO  [Log]   
 2018-10-16 14:13:31,482 INFO  [Log]   
 2018-10-16 14:52:42,703 INFO  [Log] New Chrome Driver Intiated 
 2018-10-16 14:59:48,426 INFO  [Log] New Chrome Driver Intiated 
 2018-10-16 15:03:58,599 INFO  [Log] New Chrome Driver Intiated 
 2018-10-16 15:04:15,976 INFO  [Log] Searching TextBox 
 2018-10-16 15:04:16,179 INFO  [Log] Searching TextBox 
 2018-10-16 15:04:50,741 INFO  [Log] ************************************************************************************************ 
 2018-10-16 15:04:50,741 INFO  [Log] ************************************************************************************************ 
 2018-10-16 15:04:50,741 INFO  [Log]      $$$$$$$$$$    E-N-D of  @ 16-10-2018_15-04-50 $$$$$$$$$$$$      
 2018-10-16 15:04:50,741 INFO  [Log] ************************************************************************************************ 
 2018-10-16 15:04:50,741 INFO  [Log] ************************************************************************************************ 
 2018-10-16 15:04:50,741 INFO  [Log]   
 2018-10-16 15:04:50,741 INFO  [Log]   
 2018-10-16 15:04:50,741 INFO  [Log]   
 2018-10-16 15:53:49,171 INFO  [Log] New Chrome Driver Intiated 
 2018-10-16 15:54:09,047 INFO  [Log] Searching TextBox 
 2018-10-16 15:54:09,349 INFO  [Log] Searching TextBox 
 2018-10-16 15:54:42,007 INFO  [Log] ************************************************************************************************ 
 2018-10-16 15:54:42,007 INFO  [Log] ************************************************************************************************ 
 2018-10-16 15:54:42,007 INFO  [Log]      $$$$$$$$$$    E-N-D of  @ 16-10-2018_15-54-42 $$$$$$$$$$$$      
 2018-10-16 15:54:42,007 INFO  [Log] ************************************************************************************************ 
 2018-10-16 15:54:42,007 INFO  [Log] ************************************************************************************************ 
 2018-10-16 15:54:42,007 INFO  [Log]   
 2018-10-16 15:54:42,007 INFO  [Log]   
 2018-10-16 15:54:42,007 INFO  [Log]   
 2018-10-16 16:05:05,999 INFO  [Log] New Chrome Driver Intiated 
 2018-10-16 16:05:24,920 INFO  [Log] Searching TextBox 
 2018-10-16 16:05:25,508 INFO  [Log] Searching TextBox 
 2018-10-16 16:06:02,803 INFO  [Log] ************************************************************************************************ 
 2018-10-16 16:06:02,803 INFO  [Log] ************************************************************************************************ 
 2018-10-16 16:06:02,803 INFO  [Log]      $$$$$$$$$$    E-N-D of  @ 16-10-2018_16-06-02 $$$$$$$$$$$$      
 2018-10-16 16:06:02,803 INFO  [Log] ************************************************************************************************ 
 2018-10-16 16:06:02,803 INFO  [Log] ************************************************************************************************ 
 2018-10-16 16:06:02,803 INFO  [Log]   
 2018-10-16 16:06:02,803 INFO  [Log]   
 2018-10-16 16:06:02,803 INFO  [Log]   
 2018-10-16 19:54:05,997 INFO  [Log] New Chrome Driver Intiated 
 2018-10-16 19:54:24,037 INFO  [Log] Searching TextBox 
 2018-10-16 19:54:24,182 INFO  [Log] Searching TextBox 
 2018-10-16 19:54:57,264 INFO  [Log] ************************************************************************************************ 
 2018-10-16 19:54:57,264 INFO  [Log] ************************************************************************************************ 
 2018-10-16 19:54:57,264 INFO  [Log]      $$$$$$$$$$    E-N-D of  @ 16-10-2018_19-54-57 $$$$$$$$$$$$      
 2018-10-16 19:54:57,264 INFO  [Log] ************************************************************************************************ 
 2018-10-16 19:54:57,264 INFO  [Log] ************************************************************************************************ 
 2018-10-16 19:54:57,265 INFO  [Log]   
 2018-10-16 19:54:57,265 INFO  [Log]   
 2018-10-16 19:54:57,265 INFO  [Log]   
 2018-10-16 19:55:32,394 INFO  [Log] New Chrome Driver Intiated 
 2018-10-16 19:55:48,408 INFO  [Log] ************************************************************************************************ 
 2018-10-16 19:55:48,408 INFO  [Log] ************************************************************************************************ 
 2018-10-16 19:55:48,408 INFO  [Log]      $$$$$$$$$$$$$$$$$$    Profile @ 16-10-2018_19-55-48   $$$$$$$$$$$$$$$$$    
 2018-10-16 19:55:48,409 INFO  [Log] ************************************************************************************************ 
 2018-10-16 19:55:48,409 INFO  [Log] ************************************************************************************************ 
 2018-10-16 19:55:50,460 INFO  [Log] Searching TextBox 
 2018-10-16 19:55:50,661 INFO  [Log] Searching TextBox 
 2018-10-16 19:56:34,625 INFO  [Log] ************************************************************************************************ 
 2018-10-16 19:56:34,626 INFO  [Log] ************************************************************************************************ 
 2018-10-16 19:56:34,626 INFO  [Log]      $$$$$$$$$$    E-N-D of  @ 16-10-2018_19-56-34 $$$$$$$$$$$$      
 2018-10-16 19:56:34,626 INFO  [Log] ************************************************************************************************ 
 2018-10-16 19:56:34,626 INFO  [Log] ************************************************************************************************ 
 2018-10-16 19:56:34,626 INFO  [Log]   
 2018-10-16 19:56:34,626 INFO  [Log]   
 2018-10-16 19:56:34,626 INFO  [Log]   
 2018-10-16 19:56:53,220 INFO  [Log] ************************************************************************************************ 
 2018-10-16 19:56:53,220 INFO  [Log] ************************************************************************************************ 
 2018-10-16 19:56:53,220 INFO  [Log]      $$$$$$$$$$    E-N-D of  @ 16-10-2018_19-56-53 $$$$$$$$$$$$      
 2018-10-16 19:56:53,220 INFO  [Log] ************************************************************************************************ 
 2018-10-16 19:56:53,220 INFO  [Log] ************************************************************************************************ 
 2018-10-16 19:56:53,220 INFO  [Log]   
 2018-10-16 19:56:53,220 INFO  [Log]   
 2018-10-16 19:56:53,220 INFO  [Log]   
 2018-10-16 20:01:16,508 INFO  [Log] New Chrome Driver Intiated 
 2018-10-16 20:01:32,431 INFO  [Log] ************************************************************************************************ 
 2018-10-16 20:01:32,431 INFO  [Log] ************************************************************************************************ 
 2018-10-16 20:01:32,431 INFO  [Log]      $$$$$$$$$$$$$$$$$$    Profile @ 16-10-2018_20-01-32   $$$$$$$$$$$$$$$$$    
 2018-10-16 20:01:32,431 INFO  [Log] ************************************************************************************************ 
 2018-10-16 20:01:32,431 INFO  [Log] ************************************************************************************************ 
 2018-10-16 20:01:34,475 INFO  [Log] Searching TextBox 
 2018-10-16 20:01:34,672 INFO  [Log] Searching TextBox 
 2018-10-16 20:03:11,630 INFO  [Log] ************************************************************************************************ 
 2018-10-16 20:03:11,630 INFO  [Log] ************************************************************************************************ 
 2018-10-16 20:03:11,630 INFO  [Log]      $$$$$$$$$$    E-N-D of  @ 16-10-2018_20-03-11 $$$$$$$$$$$$      
 2018-10-16 20:03:11,630 INFO  [Log] ************************************************************************************************ 
 2018-10-16 20:03:11,630 INFO  [Log] ************************************************************************************************ 
 2018-10-16 20:03:11,631 INFO  [Log]   
 2018-10-16 20:03:11,631 INFO  [Log]   
 2018-10-16 20:03:11,631 INFO  [Log]   
 2018-10-16 20:04:46,930 INFO  [Log] New Chrome Driver Intiated 
 2018-10-16 20:05:03,115 INFO  [Log] ************************************************************************************************ 
 2018-10-16 20:05:03,116 INFO  [Log] ************************************************************************************************ 
 2018-10-16 20:05:03,116 INFO  [Log]      $$$$$$$$$$$$$$$$$$    Profile @ 16-10-2018_20-05-03   $$$$$$$$$$$$$$$$$    
 2018-10-16 20:05:03,116 INFO  [Log] ************************************************************************************************ 
 2018-10-16 20:05:03,117 INFO  [Log] ************************************************************************************************ 
 2018-10-16 20:05:05,431 INFO  [Log] Searching TextBox 
 2018-10-16 20:05:05,617 INFO  [Log] Searching TextBox 
 2018-10-16 20:06:43,266 INFO  [Log] ************************************************************************************************ 
 2018-10-16 20:06:43,266 INFO  [Log] ************************************************************************************************ 
 2018-10-16 20:06:43,266 INFO  [Log]      $$$$$$$$$$    E-N-D of  @ 16-10-2018_20-06-43 $$$$$$$$$$$$      
 2018-10-16 20:06:43,266 INFO  [Log] ************************************************************************************************ 
 2018-10-16 20:06:43,266 INFO  [Log] ************************************************************************************************ 
 2018-10-16 20:06:43,266 INFO  [Log]   
 2018-10-16 20:06:43,266 INFO  [Log]   
 2018-10-16 20:06:43,266 INFO  [Log]   
 2018-10-16 20:27:36,874 INFO  [Log] New Chrome Driver Intiated 
 2018-10-16 20:27:53,782 INFO  [Log] ************************************************************************************************ 
 2018-10-16 20:27:53,782 INFO  [Log] ************************************************************************************************ 
 2018-10-16 20:27:53,782 INFO  [Log]      $$$$$$$$$$$$$$$$$$    Profile @ 16-10-2018_20-27-53   $$$$$$$$$$$$$$$$$    
 2018-10-16 20:27:53,782 INFO  [Log] ************************************************************************************************ 
 2018-10-16 20:27:53,782 INFO  [Log] ************************************************************************************************ 
 2018-10-16 20:27:56,561 INFO  [Log] Searching TextBox 
 2018-10-16 20:27:56,863 INFO  [Log] Searching TextBox 
 2018-10-16 20:29:41,184 INFO  [Log] ************************************************************************************************ 
 2018-10-16 20:29:41,184 INFO  [Log] ************************************************************************************************ 
 2018-10-16 20:29:41,184 INFO  [Log]      $$$$$$$$$$    E-N-D of  @ 16-10-2018_20-29-41 $$$$$$$$$$$$      
 2018-10-16 20:29:41,184 INFO  [Log] ************************************************************************************************ 
 2018-10-16 20:29:41,184 INFO  [Log] ************************************************************************************************ 
 2018-10-16 20:29:41,184 INFO  [Log]   
 2018-10-16 20:29:41,184 INFO  [Log]   
 2018-10-16 20:29:41,184 INFO  [Log]   
 2018-10-17 16:46:56,964 INFO  [Log] New Chrome Driver Intiated 
 2018-10-17 16:47:13,921 INFO  [Log] ************************************************************************************************ 
 2018-10-17 16:47:13,921 INFO  [Log] ************************************************************************************************ 
 2018-10-17 16:47:13,921 INFO  [Log]      $$$$$$$$$$$$$$$$$$    Profile @ 17-10-2018_16-47-13   $$$$$$$$$$$$$$$$$    
 2018-10-17 16:47:13,921 INFO  [Log] ************************************************************************************************ 
 2018-10-17 16:47:13,921 INFO  [Log] ************************************************************************************************ 
 2018-10-17 16:47:16,153 INFO  [Log] Searching TextBox 
 2018-10-17 16:47:16,329 INFO  [Log] Searching TextBox 
 2018-10-17 16:49:21,417 INFO  [Log] ************************************************************************************************ 
 2018-10-17 16:49:21,417 INFO  [Log] ************************************************************************************************ 
 2018-10-17 16:49:21,417 INFO  [Log]      $$$$$$$$$$    E-N-D of  @ 17-10-2018_16-49-21 $$$$$$$$$$$$      
 2018-10-17 16:49:21,417 INFO  [Log] ************************************************************************************************ 
 2018-10-17 16:49:21,417 INFO  [Log] ************************************************************************************************ 
 2018-10-17 16:49:21,417 INFO  [Log]   
 2018-10-17 16:49:21,417 INFO  [Log]   
 2018-10-17 16:49:21,417 INFO  [Log]   
 2018-10-17 16:49:49,778 INFO  [Log] New Chrome Driver Intiated 
 2018-10-17 16:50:06,296 INFO  [Log] Searching TextBox 
 2018-10-17 16:50:06,466 INFO  [Log] Searching TextBox 
 2018-10-17 16:50:39,691 INFO  [Log] ************************************************************************************************ 
 2018-10-17 16:50:39,691 INFO  [Log] ************************************************************************************************ 
 2018-10-17 16:50:39,691 INFO  [Log]      $$$$$$$$$$    E-N-D of  @ 17-10-2018_16-50-39 $$$$$$$$$$$$      
 2018-10-17 16:50:39,691 INFO  [Log] ************************************************************************************************ 
 2018-10-17 16:50:39,691 INFO  [Log] ************************************************************************************************ 
 2018-10-17 16:50:39,691 INFO  [Log]   
 2018-10-17 16:50:39,691 INFO  [Log]   
 2018-10-17 16:50:39,691 INFO  [Log]   
 2018-10-17 18:59:37,584 INFO  [Log] New Chrome Driver Intiated 
 2018-10-17 18:59:54,987 INFO  [Log] Searching TextBox 
 2018-10-17 18:59:55,189 INFO  [Log] Searching TextBox 
 2018-10-17 19:00:30,015 INFO  [Log] ************************************************************************************************ 
 2018-10-17 19:00:30,015 INFO  [Log] ************************************************************************************************ 
 2018-10-17 19:00:30,015 INFO  [Log]      $$$$$$$$$$    E-N-D of  @ 17-10-2018_19-00-30 $$$$$$$$$$$$      
 2018-10-17 19:00:30,015 INFO  [Log] ************************************************************************************************ 
 2018-10-17 19:00:30,015 INFO  [Log] ************************************************************************************************ 
 2018-10-17 19:00:30,015 INFO  [Log]   
 2018-10-17 19:00:30,015 INFO  [Log]   
 2018-10-17 19:00:30,015 INFO  [Log]   
 2018-10-17 19:31:44,197 INFO  [Log] New Chrome Driver Intiated 
 2018-10-18 16:42:47,106 INFO  [Log] New Chrome Driver Intiated 
 2018-10-18 16:43:03,029 INFO  [Log] ************************************************************************************************ 
 2018-10-18 16:43:03,029 INFO  [Log] ************************************************************************************************ 
 2018-10-18 16:43:03,029 INFO  [Log]      $$$$$$$$$$$$$$$$$$    Profile @ 18-10-2018_16-43-03   $$$$$$$$$$$$$$$$$    
 2018-10-18 16:43:03,029 INFO  [Log] ************************************************************************************************ 
 2018-10-18 16:43:03,029 INFO  [Log] ************************************************************************************************ 
 2018-10-18 16:43:04,856 INFO  [Log] Searching TextBox 
 2018-10-18 16:43:05,039 INFO  [Log] Searching TextBox 
 2018-10-18 16:44:42,625 INFO  [Log] ************************************************************************************************ 
 2018-10-18 16:44:42,625 INFO  [Log] ************************************************************************************************ 
 2018-10-18 16:44:42,626 INFO  [Log]      $$$$$$$$$$    E-N-D of  @ 18-10-2018_16-44-42 $$$$$$$$$$$$      
 2018-10-18 16:44:42,626 INFO  [Log] ************************************************************************************************ 
 2018-10-18 16:44:42,626 INFO  [Log] ************************************************************************************************ 
 2018-10-18 16:44:42,626 INFO  [Log]   
 2018-10-18 16:44:42,626 INFO  [Log]   
 2018-10-18 16:44:42,627 INFO  [Log]   
 2018-10-18 16:45:49,517 INFO  [Log] New Chrome Driver Intiated 
 2018-10-18 16:46:06,452 INFO  [Log] Searching TextBox 
 2018-10-18 16:46:06,602 INFO  [Log] Searching TextBox 
 2018-10-18 16:46:40,637 INFO  [Log] ************************************************************************************************ 
 2018-10-18 16:46:40,637 INFO  [Log] ************************************************************************************************ 
 2018-10-18 16:46:40,637 INFO  [Log]      $$$$$$$$$$    E-N-D of  @ 18-10-2018_16-46-40 $$$$$$$$$$$$      
 2018-10-18 16:46:40,637 INFO  [Log] ************************************************************************************************ 
 2018-10-18 16:46:40,637 INFO  [Log] ************************************************************************************************ 
 2018-10-18 16:46:40,637 INFO  [Log]   
 2018-10-18 16:46:40,637 INFO  [Log]   
 2018-10-18 16:46:40,637 INFO  [Log]   
 2018-10-18 16:49:58,334 INFO  [Log] New Chrome Driver Intiated 
 2018-10-18 16:50:17,312 INFO  [Log] Searching TextBox 
 2018-10-18 16:50:17,562 INFO  [Log] Searching TextBox 
 2018-10-18 16:50:51,086 INFO  [Log] ************************************************************************************************ 
 2018-10-18 16:50:51,086 INFO  [Log] ************************************************************************************************ 
 2018-10-18 16:50:51,086 INFO  [Log]      $$$$$$$$$$    E-N-D of  @ 18-10-2018_16-50-51 $$$$$$$$$$$$      
 2018-10-18 16:50:51,086 INFO  [Log] ************************************************************************************************ 
 2018-10-18 16:50:51,086 INFO  [Log] ************************************************************************************************ 
 2018-10-18 16:50:51,086 INFO  [Log]   
 2018-10-18 16:50:51,086 INFO  [Log]   
 2018-10-18 16:50:51,086 INFO  [Log]   
 2018-10-18 17:23:35,942 INFO  [Log] New Chrome Driver Intiated 
 2018-10-18 17:23:51,529 INFO  [Log] ************************************************************************************************ 
 2018-10-18 17:23:51,529 INFO  [Log] ************************************************************************************************ 
 2018-10-18 17:23:51,529 INFO  [Log]      $$$$$$$$$$$$$$$$$$    Profile @ 18-10-2018_17-23-51   $$$$$$$$$$$$$$$$$    
 2018-10-18 17:23:51,529 INFO  [Log] ************************************************************************************************ 
 2018-10-18 17:23:51,529 INFO  [Log] ************************************************************************************************ 
 2018-10-18 17:23:53,337 INFO  [Log] Searching TextBox 
 2018-10-18 17:23:53,501 INFO  [Log] Searching TextBox 
 2018-10-18 17:25:31,158 INFO  [Log] ************************************************************************************************ 
 2018-10-18 17:25:31,158 INFO  [Log] ************************************************************************************************ 
 2018-10-18 17:25:31,158 INFO  [Log]      $$$$$$$$$$    E-N-D of  @ 18-10-2018_17-25-31 $$$$$$$$$$$$      
 2018-10-18 17:25:31,158 INFO  [Log] ************************************************************************************************ 
 2018-10-18 17:25:31,158 INFO  [Log] ************************************************************************************************ 
 2018-10-18 17:25:31,158 INFO  [Log]   
 2018-10-18 17:25:31,158 INFO  [Log]   
 2018-10-18 17:25:31,158 INFO  [Log]   
 2018-10-22 11:28:29,332 INFO  [Log] New Chrome Driver Intiated 
 2018-10-22 11:28:45,318 INFO  [Log] ************************************************************************************************ 
 2018-10-22 11:28:45,318 INFO  [Log] ************************************************************************************************ 
 2018-10-22 11:28:45,318 INFO  [Log]      $$$$$$$$$$$$$$$$$$    Profile @ 22-10-2018_11-28-45   $$$$$$$$$$$$$$$$$    
 2018-10-22 11:28:45,318 INFO  [Log] ************************************************************************************************ 
 2018-10-22 11:28:45,318 INFO  [Log] ************************************************************************************************ 
 2018-10-22 11:28:47,471 INFO  [Log] Searching TextBox 
 2018-10-22 11:28:47,806 INFO  [Log] Searching TextBox 
 2018-10-22 11:30:25,113 INFO  [Log] ************************************************************************************************ 
 2018-10-22 11:30:25,113 INFO  [Log] ************************************************************************************************ 
 2018-10-22 11:30:25,113 INFO  [Log]      $$$$$$$$$$    E-N-D of  @ 22-10-2018_11-30-25 $$$$$$$$$$$$      
 2018-10-22 11:30:25,113 INFO  [Log] ************************************************************************************************ 
 2018-10-22 11:30:25,113 INFO  [Log] ************************************************************************************************ 
 2018-10-22 11:30:25,113 INFO  [Log]   
 2018-10-22 11:30:25,113 INFO  [Log]   
 2018-10-22 11:30:25,113 INFO  [Log]   
 2018-10-24 11:12:21,760 INFO  [Log] New Chrome Driver Intiated 
 2018-10-24 11:13:05,504 INFO  [Log] ************************************************************************************************ 
 2018-10-24 11:13:05,504 INFO  [Log] ************************************************************************************************ 
 2018-10-24 11:13:05,504 INFO  [Log]      $$$$$$$$$$$$$$$$$$    Profile @ 24-10-2018_11-13-05   $$$$$$$$$$$$$$$$$    
 2018-10-24 11:13:05,504 INFO  [Log] ************************************************************************************************ 
 2018-10-24 11:13:05,504 INFO  [Log] ************************************************************************************************ 
 2018-10-24 11:13:07,517 INFO  [Log] Searching TextBox 
 2018-10-24 11:13:07,681 INFO  [Log] Searching TextBox 
 2018-10-24 11:14:51,430 INFO  [Log] ************************************************************************************************ 
 2018-10-24 11:14:51,430 INFO  [Log] ************************************************************************************************ 
 2018-10-24 11:14:51,430 INFO  [Log]      $$$$$$$$$$    E-N-D of  @ 24-10-2018_11-14-51 $$$$$$$$$$$$      
 2018-10-24 11:14:51,430 INFO  [Log] ************************************************************************************************ 
 2018-10-24 11:14:51,430 INFO  [Log] ************************************************************************************************ 
 2018-10-24 11:14:51,430 INFO  [Log]   
 2018-10-24 11:14:51,430 INFO  [Log]   
 2018-10-24 11:14:51,430 INFO  [Log]   
 2018-10-24 12:36:49,983 INFO  [Log] New Chrome Driver Intiated 
 2018-10-24 12:37:07,593 INFO  [Log] ************************************************************************************************ 
 2018-10-24 12:37:07,593 INFO  [Log] ************************************************************************************************ 
 2018-10-24 12:37:07,593 INFO  [Log]      $$$$$$$$$$$$$$$$$$    Profile @ 24-10-2018_12-37-07   $$$$$$$$$$$$$$$$$    
 2018-10-24 12:37:07,593 INFO  [Log] ************************************************************************************************ 
 2018-10-24 12:37:07,593 INFO  [Log] ************************************************************************************************ 
 2018-10-24 12:37:08,412 INFO  [Log] ************************************************************************************************ 
 2018-10-24 12:37:08,412 INFO  [Log] ************************************************************************************************ 
 2018-10-24 12:37:08,412 INFO  [Log]      $$$$$$$$$$    E-N-D of  @ 24-10-2018_12-37-08 $$$$$$$$$$$$      
 2018-10-24 12:37:08,412 INFO  [Log] ************************************************************************************************ 
 2018-10-24 12:37:08,412 INFO  [Log] ************************************************************************************************ 
 2018-10-24 12:37:08,412 INFO  [Log]   
 2018-10-24 12:37:08,412 INFO  [Log]   
 2018-10-24 12:37:08,412 INFO  [Log]   
 2018-10-24 12:39:54,339 INFO  [Log] New Chrome Driver Intiated 
 2018-10-24 12:40:09,585 INFO  [Log] ************************************************************************************************ 
 2018-10-24 12:40:09,585 INFO  [Log] ************************************************************************************************ 
 2018-10-24 12:40:09,585 INFO  [Log]      $$$$$$$$$$$$$$$$$$    Profile @ 24-10-2018_12-40-09   $$$$$$$$$$$$$$$$$    
 2018-10-24 12:40:09,585 INFO  [Log] ************************************************************************************************ 
 2018-10-24 12:40:09,585 INFO  [Log] ************************************************************************************************ 
 2018-10-24 12:40:11,236 INFO  [Log] Searching TextBox 
 2018-10-24 12:40:11,379 INFO  [Log] Searching TextBox 
 2018-10-24 12:42:16,479 INFO  [Log] ************************************************************************************************ 
 2018-10-24 12:42:16,479 INFO  [Log] ************************************************************************************************ 
 2018-10-24 12:42:16,479 INFO  [Log]      $$$$$$$$$$    E-N-D of  @ 24-10-2018_12-42-16 $$$$$$$$$$$$      
 2018-10-24 12:42:16,479 INFO  [Log] ************************************************************************************************ 
 2018-10-24 12:42:16,479 INFO  [Log] ************************************************************************************************ 
 2018-10-24 12:42:16,479 INFO  [Log]   
 2018-10-24 12:42:16,479 INFO  [Log]   
 2018-10-24 12:42:16,479 INFO  [Log]   
 2018-10-24 12:42:38,492 INFO  [Log] New Chrome Driver Intiated 
 2018-10-24 12:42:53,096 INFO  [Log] ************************************************************************************************ 
 2018-10-24 12:42:53,096 INFO  [Log] ************************************************************************************************ 
 2018-10-24 12:42:53,096 INFO  [Log]      $$$$$$$$$$$$$$$$$$    Profile @ 24-10-2018_12-42-53   $$$$$$$$$$$$$$$$$    
 2018-10-24 12:42:53,096 INFO  [Log] ************************************************************************************************ 
 2018-10-24 12:42:53,096 INFO  [Log] ************************************************************************************************ 
 2018-10-24 12:42:54,844 INFO  [Log] Searching TextBox 
 2018-10-24 12:42:54,972 INFO  [Log] Searching TextBox 
 2018-10-24 12:44:32,589 INFO  [Log] ************************************************************************************************ 
 2018-10-24 12:44:32,589 INFO  [Log] ************************************************************************************************ 
 2018-10-24 12:44:32,589 INFO  [Log]      $$$$$$$$$$    E-N-D of  @ 24-10-2018_12-44-32 $$$$$$$$$$$$      
 2018-10-24 12:44:32,589 INFO  [Log] ************************************************************************************************ 
 2018-10-24 12:44:32,589 INFO  [Log] ************************************************************************************************ 
 2018-10-24 12:44:32,589 INFO  [Log]   
 2018-10-24 12:44:32,589 INFO  [Log]   
 2018-10-24 12:44:32,590 INFO  [Log]   
 2018-10-24 15:00:48,170 INFO  [Log] New Chrome Driver Intiated 
 2018-10-24 15:01:06,559 INFO  [Log] ************************************************************************************************ 
 2018-10-24 15:01:06,559 INFO  [Log] ************************************************************************************************ 
 2018-10-24 15:01:06,559 INFO  [Log]      $$$$$$$$$$$$$$$$$$    Profile @ 24-10-2018_15-01-06   $$$$$$$$$$$$$$$$$    
 2018-10-24 15:01:06,559 INFO  [Log] ************************************************************************************************ 
 2018-10-24 15:01:06,559 INFO  [Log] ************************************************************************************************ 
 2018-10-24 15:01:08,450 INFO  [Log] Searching TextBox 
 2018-10-24 15:01:08,602 INFO  [Log] Searching TextBox 
 2018-10-24 15:02:47,843 INFO  [Log] ************************************************************************************************ 
 2018-10-24 15:02:47,844 INFO  [Log] ************************************************************************************************ 
 2018-10-24 15:02:47,844 INFO  [Log]      $$$$$$$$$$    E-N-D of  @ 24-10-2018_15-02-47 $$$$$$$$$$$$      
 2018-10-24 15:02:47,844 INFO  [Log] ************************************************************************************************ 
 2018-10-24 15:02:47,844 INFO  [Log] ************************************************************************************************ 
 2018-10-24 15:02:47,844 INFO  [Log]   
 2018-10-24 15:02:47,844 INFO  [Log]   
 2018-10-24 15:02:47,844 INFO  [Log]   
 2018-10-24 16:23:47,860 INFO  [Log] New Chrome Driver Intiated 
 2018-10-24 16:24:04,558 INFO  [Log] ************************************************************************************************ 
 2018-10-24 16:24:04,558 INFO  [Log] ************************************************************************************************ 
 2018-10-24 16:24:04,558 INFO  [Log]      $$$$$$$$$$$$$$$$$$    Profile @ 24-10-2018_16-24-04   $$$$$$$$$$$$$$$$$    
 2018-10-24 16:24:04,558 INFO  [Log] ************************************************************************************************ 
 2018-10-24 16:24:04,558 INFO  [Log] ************************************************************************************************ 
 2018-10-24 16:24:06,272 INFO  [Log] Searching TextBox 
 2018-10-24 16:24:06,516 INFO  [Log] Searching TextBox 
 2018-10-24 16:25:51,929 INFO  [Log] ************************************************************************************************ 
 2018-10-24 16:25:51,929 INFO  [Log] ************************************************************************************************ 
 2018-10-24 16:25:51,929 INFO  [Log]      $$$$$$$$$$    E-N-D of  @ 24-10-2018_16-25-51 $$$$$$$$$$$$      
 2018-10-24 16:25:51,929 INFO  [Log] ************************************************************************************************ 
 2018-10-24 16:25:51,929 INFO  [Log] ************************************************************************************************ 
 2018-10-24 16:25:51,929 INFO  [Log]   
 2018-10-24 16:25:51,930 INFO  [Log]   
 2018-10-24 16:25:51,930 INFO  [Log]   
 2018-10-24 16:56:57,583 INFO  [Log] New Chrome Driver Intiated 
 2018-10-24 16:57:16,511 INFO  [Log] ************************************************************************************************ 
 2018-10-24 16:57:16,511 INFO  [Log] ************************************************************************************************ 
 2018-10-24 16:57:16,511 INFO  [Log]      $$$$$$$$$$$$$$$$$$    Profile @ 24-10-2018_16-57-16   $$$$$$$$$$$$$$$$$    
 2018-10-24 16:57:16,511 INFO  [Log] ************************************************************************************************ 
 2018-10-24 16:57:16,511 INFO  [Log] ************************************************************************************************ 
 2018-10-24 16:57:18,717 INFO  [Log] Searching TextBox 
 2018-10-24 16:57:19,040 INFO  [Log] Searching TextBox 
 2018-10-24 16:58:57,423 INFO  [Log] ************************************************************************************************ 
 2018-10-24 16:58:57,423 INFO  [Log] ************************************************************************************************ 
 2018-10-24 16:58:57,423 INFO  [Log]      $$$$$$$$$$    E-N-D of  @ 24-10-2018_16-58-57 $$$$$$$$$$$$      
 2018-10-24 16:58:57,423 INFO  [Log] ************************************************************************************************ 
 2018-10-24 16:58:57,423 INFO  [Log] ************************************************************************************************ 
 2018-10-24 16:58:57,423 INFO  [Log]   
 2018-10-24 16:58:57,423 INFO  [Log]   
 2018-10-24 16:58:57,423 INFO  [Log]   
 2018-10-24 16:59:09,959 INFO  [Log] New Chrome Driver Intiated 
 2018-10-24 17:04:07,861 INFO  [Log] New Chrome Driver Intiated 
 2018-10-24 17:04:24,073 INFO  [Log] ************************************************************************************************ 
 2018-10-24 17:04:24,073 INFO  [Log] ************************************************************************************************ 
 2018-10-24 17:04:24,074 INFO  [Log]      $$$$$$$$$$$$$$$$$$    Profile @ 24-10-2018_17-04-24   $$$$$$$$$$$$$$$$$    
 2018-10-24 17:04:24,074 INFO  [Log] ************************************************************************************************ 
 2018-10-24 17:04:24,074 INFO  [Log] ************************************************************************************************ 
 2018-10-24 17:04:25,931 INFO  [Log] Searching TextBox 
 2018-10-24 17:04:26,096 INFO  [Log] Searching TextBox 
 2018-10-24 17:06:08,016 INFO  [Log] ************************************************************************************************ 
 2018-10-24 17:06:08,016 INFO  [Log] ************************************************************************************************ 
 2018-10-24 17:06:08,017 INFO  [Log]      $$$$$$$$$$    E-N-D of  @ 24-10-2018_17-06-08 $$$$$$$$$$$$      
 2018-10-24 17:06:08,017 INFO  [Log] ************************************************************************************************ 
 2018-10-24 17:06:08,017 INFO  [Log] ************************************************************************************************ 
 2018-10-24 17:06:08,017 INFO  [Log]   
 2018-10-24 17:06:08,017 INFO  [Log]   
 2018-10-24 17:06:08,017 INFO  [Log]   
 2018-10-24 17:54:30,835 INFO  [Log] New Chrome Driver Intiated 
 2018-10-24 17:54:47,155 INFO  [Log] ************************************************************************************************ 
 2018-10-24 17:54:47,155 INFO  [Log] ************************************************************************************************ 
 2018-10-24 17:54:47,156 INFO  [Log]      $$$$$$$$$$$$$$$$$$    Profile @ 24-10-2018_17-54-47   $$$$$$$$$$$$$$$$$    
 2018-10-24 17:54:47,156 INFO  [Log] ************************************************************************************************ 
 2018-10-24 17:54:47,156 INFO  [Log] ************************************************************************************************ 
 2018-10-24 17:54:48,890 INFO  [Log] Searching TextBox 
 2018-10-24 17:54:49,032 INFO  [Log] Searching TextBox 
 2018-10-24 17:56:27,618 INFO  [Log] ************************************************************************************************ 
 2018-10-24 17:56:27,618 INFO  [Log] ************************************************************************************************ 
 2018-10-24 17:56:27,619 INFO  [Log]      $$$$$$$$$$    E-N-D of  @ 24-10-2018_17-56-27 $$$$$$$$$$$$      
 2018-10-24 17:56:27,619 INFO  [Log] ************************************************************************************************ 
 2018-10-24 17:56:27,619 INFO  [Log] ************************************************************************************************ 
 2018-10-24 17:56:27,619 INFO  [Log]   
 2018-10-24 17:56:27,619 INFO  [Log]   
 2018-10-24 17:56:27,619 INFO  [Log]   
 2018-10-24 18:01:55,010 INFO  [Log] New Chrome Driver Intiated 
 2018-10-24 18:02:10,841 INFO  [Log] ************************************************************************************************ 
 2018-10-24 18:02:10,841 INFO  [Log] ************************************************************************************************ 
 2018-10-24 18:02:10,842 INFO  [Log]      $$$$$$$$$$$$$$$$$$    Profile @ 24-10-2018_18-02-10   $$$$$$$$$$$$$$$$$    
 2018-10-24 18:02:10,842 INFO  [Log] ************************************************************************************************ 
 2018-10-24 18:02:10,842 INFO  [Log] ************************************************************************************************ 
 2018-10-24 18:02:12,736 INFO  [Log] Searching TextBox 
 2018-10-24 18:02:12,863 INFO  [Log] Searching TextBox 
 2018-10-24 18:03:51,800 INFO  [Log] ************************************************************************************************ 
 2018-10-24 18:03:51,800 INFO  [Log] ************************************************************************************************ 
 2018-10-24 18:03:51,800 INFO  [Log]      $$$$$$$$$$    E-N-D of  @ 24-10-2018_18-03-51 $$$$$$$$$$$$      
 2018-10-24 18:03:51,800 INFO  [Log] ************************************************************************************************ 
 2018-10-24 18:03:51,800 INFO  [Log] ************************************************************************************************ 
 2018-10-24 18:03:51,800 INFO  [Log]   
 2018-10-24 18:03:51,800 INFO  [Log]   
 2018-10-24 18:03:51,800 INFO  [Log]   
 2018-10-24 18:10:16,709 INFO  [Log] New Chrome Driver Intiated 
 2018-10-24 18:40:15,632 INFO  [Log] New Chrome Driver Intiated 
 2018-10-24 18:40:32,654 INFO  [Log] ************************************************************************************************ 
 2018-10-24 18:40:32,654 INFO  [Log] ************************************************************************************************ 
 2018-10-24 18:40:32,654 INFO  [Log]      $$$$$$$$$$$$$$$$$$    Profile @ 24-10-2018_18-40-32   $$$$$$$$$$$$$$$$$    
 2018-10-24 18:40:32,654 INFO  [Log] ************************************************************************************************ 
 2018-10-24 18:40:32,654 INFO  [Log] ************************************************************************************************ 
 2018-10-24 18:40:34,230 INFO  [Log] Searching TextBox 
 2018-10-24 18:40:34,353 INFO  [Log] Searching TextBox 
 2018-10-24 18:42:08,769 INFO  [Log] ************************************************************************************************ 
 2018-10-24 18:42:08,769 INFO  [Log] ************************************************************************************************ 
 2018-10-24 18:42:08,769 INFO  [Log]      $$$$$$$$$$    E-N-D of  @ 24-10-2018_18-42-08 $$$$$$$$$$$$      
 2018-10-24 18:42:08,769 INFO  [Log] ************************************************************************************************ 
 2018-10-24 18:42:08,769 INFO  [Log] ************************************************************************************************ 
 2018-10-24 18:42:08,769 INFO  [Log]   
 2018-10-24 18:42:08,769 INFO  [Log]   
 2018-10-24 18:42:08,769 INFO  [Log]   
 2018-10-24 18:42:45,998 INFO  [Log] New Chrome Driver Intiated 
 2018-10-24 18:43:01,225 INFO  [Log] ************************************************************************************************ 
 2018-10-24 18:43:01,225 INFO  [Log] ************************************************************************************************ 
 2018-10-24 18:43:01,225 INFO  [Log]      $$$$$$$$$$$$$$$$$$    Profile @ 24-10-2018_18-43-01   $$$$$$$$$$$$$$$$$    
 2018-10-24 18:43:01,225 INFO  [Log] ************************************************************************************************ 
 2018-10-24 18:43:01,226 INFO  [Log] ************************************************************************************************ 
 2018-10-24 18:43:02,926 INFO  [Log] Searching TextBox 
 2018-10-24 18:43:03,046 INFO  [Log] Searching TextBox 
 2018-10-24 18:44:41,744 INFO  [Log] ************************************************************************************************ 
 2018-10-24 18:44:41,744 INFO  [Log] ************************************************************************************************ 
 2018-10-24 18:44:41,745 INFO  [Log]      $$$$$$$$$$    E-N-D of  @ 24-10-2018_18-44-41 $$$$$$$$$$$$      
 2018-10-24 18:44:41,745 INFO  [Log] ************************************************************************************************ 
 2018-10-24 18:44:41,745 INFO  [Log] ************************************************************************************************ 
 2018-10-24 18:44:41,745 INFO  [Log]   
 2018-10-24 18:44:41,745 INFO  [Log]   
 2018-10-24 18:44:41,745 INFO  [Log]   
 2018-10-24 19:06:07,395 INFO  [Log] New Chrome Driver Intiated 
 2018-10-24 19:06:23,444 INFO  [Log] ************************************************************************************************ 
 2018-10-24 19:06:23,444 INFO  [Log] ************************************************************************************************ 
 2018-10-24 19:06:23,444 INFO  [Log]      $$$$$$$$$$$$$$$$$$    Profile @ 24-10-2018_19-06-23   $$$$$$$$$$$$$$$$$    
 2018-10-24 19:06:23,444 INFO  [Log] ************************************************************************************************ 
 2018-10-24 19:06:23,444 INFO  [Log] ************************************************************************************************ 
 2018-10-24 19:06:25,192 INFO  [Log] Searching TextBox 
 2018-10-24 19:06:25,321 INFO  [Log] Searching TextBox 
 2018-10-24 19:07:17,551 INFO  [Log] ************************************************************************************************ 
 2018-10-24 19:07:17,551 INFO  [Log] ************************************************************************************************ 
 2018-10-24 19:07:17,551 INFO  [Log]      $$$$$$$$$$    E-N-D of  @ 24-10-2018_19-07-17 $$$$$$$$$$$$      
 2018-10-24 19:07:17,552 INFO  [Log] ************************************************************************************************ 
 2018-10-24 19:07:17,552 INFO  [Log] ************************************************************************************************ 
 2018-10-24 19:07:17,552 INFO  [Log]   
 2018-10-24 19:07:17,552 INFO  [Log]   
 2018-10-24 19:07:17,552 INFO  [Log]   
 2018-10-24 19:16:40,381 INFO  [Log] New Chrome Driver Intiated 
 2018-10-24 19:17:10,132 INFO  [Log] ************************************************************************************************ 
 2018-10-24 19:17:10,132 INFO  [Log] ************************************************************************************************ 
 2018-10-24 19:17:10,133 INFO  [Log]      $$$$$$$$$$$$$$$$$$    Profile @ 24-10-2018_19-17-10   $$$$$$$$$$$$$$$$$    
 2018-10-24 19:17:10,133 INFO  [Log] ************************************************************************************************ 
 2018-10-24 19:17:10,133 INFO  [Log] ************************************************************************************************ 
 2018-10-24 19:17:11,795 INFO  [Log] Searching TextBox 
 2018-10-24 19:17:11,968 INFO  [Log] Searching TextBox 
 2018-10-24 19:18:04,455 INFO  [Log] ************************************************************************************************ 
 2018-10-24 19:18:04,455 INFO  [Log] ************************************************************************************************ 
 2018-10-24 19:18:04,455 INFO  [Log]      $$$$$$$$$$    E-N-D of  @ 24-10-2018_19-18-04 $$$$$$$$$$$$      
 2018-10-24 19:18:04,455 INFO  [Log] ************************************************************************************************ 
 2018-10-24 19:18:04,455 INFO  [Log] ************************************************************************************************ 
 2018-10-24 19:18:04,455 INFO  [Log]   
 2018-10-24 19:18:04,455 INFO  [Log]   
 2018-10-24 19:18:04,455 INFO  [Log]   
 2018-10-25 10:30:33,599 INFO  [Log] New Chrome Driver Intiated 
 2018-10-25 10:35:01,639 INFO  [Log] New Chrome Driver Intiated 
 2018-10-25 10:37:14,984 INFO  [Log] New Chrome Driver Intiated 
 2018-10-25 10:45:39,046 INFO  [Log] New Chrome Driver Intiated 
 2018-10-25 10:45:58,886 INFO  [Log] ************************************************************************************************ 
 2018-10-25 10:45:58,886 INFO  [Log] ************************************************************************************************ 
 2018-10-25 10:45:58,886 INFO  [Log]      $$$$$$$$$$$$$$$$$$    Profile @ 25-10-2018_10-45-58   $$$$$$$$$$$$$$$$$    
 2018-10-25 10:45:58,886 INFO  [Log] ************************************************************************************************ 
 2018-10-25 10:45:58,886 INFO  [Log] ************************************************************************************************ 
 2018-10-25 10:46:01,005 INFO  [Log] Searching TextBox 
 2018-10-25 10:46:01,722 INFO  [Log] Searching TextBox 
 2018-10-25 10:46:07,729 INFO  [Log] ************************************************************************************************ 
 2018-10-25 10:46:07,729 INFO  [Log] ************************************************************************************************ 
 2018-10-25 10:46:07,730 INFO  [Log]      $$$$$$$$$$    E-N-D of  @ 25-10-2018_10-46-07 $$$$$$$$$$$$      
 2018-10-25 10:46:07,730 INFO  [Log] ************************************************************************************************ 
 2018-10-25 10:46:07,730 INFO  [Log] ************************************************************************************************ 
 2018-10-25 10:46:07,730 INFO  [Log]   
 2018-10-25 10:46:07,730 INFO  [Log]   
 2018-10-25 10:46:07,730 INFO  [Log]   
 2018-10-25 10:46:11,165 INFO  [Log] ************************************************************************************************ 
 2018-10-25 10:46:11,165 INFO  [Log] ************************************************************************************************ 
 2018-10-25 10:46:11,165 INFO  [Log]      $$$$$$$$$$    E-N-D of  @ 25-10-2018_10-46-11 $$$$$$$$$$$$      
 2018-10-25 10:46:11,165 INFO  [Log] ************************************************************************************************ 
 2018-10-25 10:46:11,165 INFO  [Log] ************************************************************************************************ 
 2018-10-25 10:46:11,165 INFO  [Log]   
 2018-10-25 10:46:11,165 INFO  [Log]   
 2018-10-25 10:46:11,165 INFO  [Log]   
 2018-10-25 11:41:31,899 INFO  [Log] New Chrome Driver Intiated 
 2018-10-25 11:41:48,734 INFO  [Log] ************************************************************************************************ 
 2018-10-25 11:41:48,734 INFO  [Log] ************************************************************************************************ 
 2018-10-25 11:41:48,734 INFO  [Log]      $$$$$$$$$$$$$$$$$$    Profile @ 25-10-2018_11-41-48   $$$$$$$$$$$$$$$$$    
 2018-10-25 11:41:48,734 INFO  [Log] ************************************************************************************************ 
 2018-10-25 11:41:48,734 INFO  [Log] ************************************************************************************************ 
 2018-10-25 11:41:50,619 INFO  [Log] Searching TextBox 
 2018-10-25 11:41:51,484 INFO  [Log] Searching TextBox 
 2018-10-25 11:41:57,486 INFO  [Log] ************************************************************************************************ 
 2018-10-25 11:41:57,486 INFO  [Log] ************************************************************************************************ 
 2018-10-25 11:41:57,486 INFO  [Log]      $$$$$$$$$$    E-N-D of  @ 25-10-2018_11-41-57 $$$$$$$$$$$$      
 2018-10-25 11:41:57,486 INFO  [Log] ************************************************************************************************ 
 2018-10-25 11:41:57,486 INFO  [Log] ************************************************************************************************ 
 2018-10-25 11:41:57,486 INFO  [Log]   
 2018-10-25 11:41:57,486 INFO  [Log]   
 2018-10-25 11:41:57,486 INFO  [Log]   
 2018-10-25 11:42:00,603 INFO  [Log] ************************************************************************************************ 
 2018-10-25 11:42:00,603 INFO  [Log] ************************************************************************************************ 
 2018-10-25 11:42:00,603 INFO  [Log]      $$$$$$$$$$    E-N-D of  @ 25-10-2018_11-42-00 $$$$$$$$$$$$      
 2018-10-25 11:42:00,603 INFO  [Log] ************************************************************************************************ 
 2018-10-25 11:42:00,603 INFO  [Log] ************************************************************************************************ 
 2018-10-25 11:42:00,603 INFO  [Log]   
 2018-10-25 11:42:00,603 INFO  [Log]   
 2018-10-25 11:42:00,603 INFO  [Log]   
 2018-10-25 11:44:08,644 INFO  [Log] New Chrome Driver Intiated 
 2018-10-25 11:44:25,304 INFO  [Log] ************************************************************************************************ 
 2018-10-25 11:44:25,304 INFO  [Log] ************************************************************************************************ 
 2018-10-25 11:44:25,304 INFO  [Log]      $$$$$$$$$$$$$$$$$$    Profile @ 25-10-2018_11-44-25   $$$$$$$$$$$$$$$$$    
 2018-10-25 11:44:25,304 INFO  [Log] ************************************************************************************************ 
 2018-10-25 11:44:25,304 INFO  [Log] ************************************************************************************************ 
 2018-10-25 11:44:27,414 INFO  [Log] Searching TextBox 
 2018-10-25 11:44:28,147 INFO  [Log] Searching TextBox 
 2018-10-25 11:44:34,024 INFO  [Log] ************************************************************************************************ 
 2018-10-25 11:44:34,024 INFO  [Log] ************************************************************************************************ 
 2018-10-25 11:44:34,024 INFO  [Log]      $$$$$$$$$$    E-N-D of  @ 25-10-2018_11-44-34 $$$$$$$$$$$$      
 2018-10-25 11:44:34,024 INFO  [Log] ************************************************************************************************ 
 2018-10-25 11:44:34,024 INFO  [Log] ************************************************************************************************ 
 2018-10-25 11:44:34,024 INFO  [Log]   
 2018-10-25 11:44:34,024 INFO  [Log]   
 2018-10-25 11:44:34,024 INFO  [Log]   
 2018-10-25 11:44:37,061 INFO  [Log] ************************************************************************************************ 
 2018-10-25 11:44:37,061 INFO  [Log] ************************************************************************************************ 
 2018-10-25 11:44:37,061 INFO  [Log]      $$$$$$$$$$    E-N-D of  @ 25-10-2018_11-44-37 $$$$$$$$$$$$      
 2018-10-25 11:44:37,061 INFO  [Log] ************************************************************************************************ 
 2018-10-25 11:44:37,061 INFO  [Log] ************************************************************************************************ 
 2018-10-25 11:44:37,061 INFO  [Log]   
 2018-10-25 11:44:37,061 INFO  [Log]   
 2018-10-25 11:44:37,061 INFO  [Log]   
 2018-10-25 11:45:42,280 INFO  [Log] New Chrome Driver Intiated 
 2018-10-25 11:46:00,961 INFO  [Log] ************************************************************************************************ 
 2018-10-25 11:46:00,961 INFO  [Log] ************************************************************************************************ 
 2018-10-25 11:46:00,961 INFO  [Log]      $$$$$$$$$$$$$$$$$$    Profile @ 25-10-2018_11-46-00   $$$$$$$$$$$$$$$$$    
 2018-10-25 11:46:00,961 INFO  [Log] ************************************************************************************************ 
 2018-10-25 11:46:00,961 INFO  [Log] ************************************************************************************************ 
 2018-10-25 11:46:02,905 INFO  [Log] Searching TextBox 
 2018-10-25 11:46:03,690 INFO  [Log] Searching TextBox 
 2018-10-25 11:47:39,469 INFO  [Log] New Chrome Driver Intiated 
 2018-10-25 11:47:57,560 INFO  [Log] ************************************************************************************************ 
 2018-10-25 11:47:57,560 INFO  [Log] ************************************************************************************************ 
 2018-10-25 11:47:57,561 INFO  [Log]      $$$$$$$$$$$$$$$$$$    Profile @ 25-10-2018_11-47-57   $$$$$$$$$$$$$$$$$    
 2018-10-25 11:47:57,561 INFO  [Log] ************************************************************************************************ 
 2018-10-25 11:47:57,562 INFO  [Log] ************************************************************************************************ 
 2018-10-25 11:47:59,438 INFO  [Log] Searching TextBox 
 2018-10-25 11:47:59,571 INFO  [Log] Searching TextBox 
 2018-10-25 11:48:52,442 INFO  [Log] ************************************************************************************************ 
 2018-10-25 11:48:52,443 INFO  [Log] ************************************************************************************************ 
 2018-10-25 11:48:52,443 INFO  [Log]      $$$$$$$$$$    E-N-D of  @ 25-10-2018_11-48-52 $$$$$$$$$$$$      
 2018-10-25 11:48:52,443 INFO  [Log] ************************************************************************************************ 
 2018-10-25 11:48:52,443 INFO  [Log] ************************************************************************************************ 
 2018-10-25 11:48:52,443 INFO  [Log]   
 2018-10-25 11:48:52,443 INFO  [Log]   
 2018-10-25 11:48:52,443 INFO  [Log]   
 2018-10-25 11:49:55,013 INFO  [Log] New Chrome Driver Intiated 
 2018-10-25 11:50:14,696 INFO  [Log] ************************************************************************************************ 
 2018-10-25 11:50:14,696 INFO  [Log] ************************************************************************************************ 
 2018-10-25 11:50:14,697 INFO  [Log]      $$$$$$$$$$$$$$$$$$    Profile @ 25-10-2018_11-50-14   $$$$$$$$$$$$$$$$$    
 2018-10-25 11:50:14,697 INFO  [Log] ************************************************************************************************ 
 2018-10-25 11:50:14,697 INFO  [Log] ************************************************************************************************ 
 2018-10-25 11:50:16,611 INFO  [Log] Searching TextBox 
 2018-10-25 11:50:16,745 INFO  [Log] Searching TextBox 
 2018-10-25 11:52:21,091 INFO  [Log] ************************************************************************************************ 
 2018-10-25 11:52:21,092 INFO  [Log] ************************************************************************************************ 
 2018-10-25 11:52:21,092 INFO  [Log]      $$$$$$$$$$    E-N-D of  @ 25-10-2018_11-52-21 $$$$$$$$$$$$      
 2018-10-25 11:52:21,092 INFO  [Log] ************************************************************************************************ 
 2018-10-25 11:52:21,092 INFO  [Log] ************************************************************************************************ 
 2018-10-25 11:52:21,092 INFO  [Log]   
 2018-10-25 11:52:21,092 INFO  [Log]   
 2018-10-25 11:52:21,092 INFO  [Log]   
 2018-10-25 11:53:08,575 INFO  [Log] New Chrome Driver Intiated 
 2018-10-25 11:53:25,910 INFO  [Log] ************************************************************************************************ 
 2018-10-25 11:53:25,910 INFO  [Log] ************************************************************************************************ 
 2018-10-25 11:53:25,910 INFO  [Log]      $$$$$$$$$$$$$$$$$$    Profile @ 25-10-2018_11-53-25   $$$$$$$$$$$$$$$$$    
 2018-10-25 11:53:25,910 INFO  [Log] ************************************************************************************************ 
 2018-10-25 11:53:25,911 INFO  [Log] ************************************************************************************************ 
 2018-10-25 11:53:27,690 INFO  [Log] Searching TextBox 
 2018-10-25 11:53:27,841 INFO  [Log] Searching TextBox 
 2018-10-25 11:55:06,260 INFO  [Log] ************************************************************************************************ 
 2018-10-25 11:55:06,260 INFO  [Log] ************************************************************************************************ 
 2018-10-25 11:55:06,260 INFO  [Log]      $$$$$$$$$$    E-N-D of  @ 25-10-2018_11-55-06 $$$$$$$$$$$$      
 2018-10-25 11:55:06,260 INFO  [Log] ************************************************************************************************ 
 2018-10-25 11:55:06,260 INFO  [Log] ************************************************************************************************ 
 2018-10-25 11:55:06,260 INFO  [Log]   
 2018-10-25 11:55:06,260 INFO  [Log]   
 2018-10-25 11:55:06,260 INFO  [Log]   
 2018-10-25 11:59:02,948 INFO  [Log] New Chrome Driver Intiated 
 2018-10-25 12:01:28,951 INFO  [Log] New Chrome Driver Intiated 
 2018-10-25 12:01:45,255 INFO  [Log] ************************************************************************************************ 
 2018-10-25 12:01:45,255 INFO  [Log] ************************************************************************************************ 
 2018-10-25 12:01:45,255 INFO  [Log]      $$$$$$$$$$$$$$$$$$    Profile @ 25-10-2018_12-01-45   $$$$$$$$$$$$$$$$$    
 2018-10-25 12:01:45,255 INFO  [Log] ************************************************************************************************ 
 2018-10-25 12:01:45,255 INFO  [Log] ************************************************************************************************ 
 2018-10-25 12:01:47,102 INFO  [Log] Searching TextBox 
 2018-10-25 12:01:47,256 INFO  [Log] Searching TextBox 
 2018-10-25 12:02:39,854 INFO  [Log] ************************************************************************************************ 
 2018-10-25 12:02:39,854 INFO  [Log] ************************************************************************************************ 
 2018-10-25 12:02:39,854 INFO  [Log]      $$$$$$$$$$    E-N-D of  @ 25-10-2018_12-02-39 $$$$$$$$$$$$      
 2018-10-25 12:02:39,854 INFO  [Log] ************************************************************************************************ 
 2018-10-25 12:02:39,854 INFO  [Log] ************************************************************************************************ 
 2018-10-25 12:02:39,855 INFO  [Log]   
 2018-10-25 12:02:39,855 INFO  [Log]   
 2018-10-25 12:02:39,855 INFO  [Log]   
 2018-10-25 12:14:01,668 INFO  [Log] New Chrome Driver Intiated 
 2018-10-25 12:24:40,264 INFO  [Log] New Chrome Driver Intiated 
 2018-10-25 12:35:25,927 INFO  [Log] New Chrome Driver Intiated 
 2018-10-25 12:42:23,284 INFO  [Log] New Chrome Driver Intiated 
 2018-10-25 12:44:07,328 INFO  [Log] New Chrome Driver Intiated 
 2018-10-25 12:44:30,997 INFO  [Log] ************************************************************************************************ 
 2018-10-25 12:44:31,001 INFO  [Log] ************************************************************************************************ 
 2018-10-25 12:44:31,001 INFO  [Log]      $$$$$$$$$$$$$$$$$$    Profile @ 25-10-2018_12-44-30   $$$$$$$$$$$$$$$$$    
 2018-10-25 12:44:31,001 INFO  [Log] ************************************************************************************************ 
 2018-10-25 12:44:31,001 INFO  [Log] ************************************************************************************************ 
 2018-10-25 12:44:31,942 INFO  [Log] ************************************************************************************************ 
 2018-10-25 12:44:31,942 INFO  [Log] ************************************************************************************************ 
 2018-10-25 12:44:31,942 INFO  [Log]      $$$$$$$$$$    E-N-D of  @ 25-10-2018_12-44-31 $$$$$$$$$$$$      
 2018-10-25 12:44:31,942 INFO  [Log] ************************************************************************************************ 
 2018-10-25 12:44:31,942 INFO  [Log] ************************************************************************************************ 
 2018-10-25 12:44:31,942 INFO  [Log]   
 2018-10-25 12:44:31,942 INFO  [Log]   
 2018-10-25 12:44:31,942 INFO  [Log]   
 2018-10-25 13:26:28,408 INFO  [Log] New Chrome Driver Intiated 
 2018-10-25 13:26:52,357 INFO  [Log] ************************************************************************************************ 
 2018-10-25 13:26:52,357 INFO  [Log] ************************************************************************************************ 
 2018-10-25 13:26:52,358 INFO  [Log]      $$$$$$$$$$$$$$$$$$    Profile @ 25-10-2018_13-26-52   $$$$$$$$$$$$$$$$$    
 2018-10-25 13:26:52,359 INFO  [Log] ************************************************************************************************ 
 2018-10-25 13:26:52,359 INFO  [Log] ************************************************************************************************ 
 2018-10-25 13:26:54,565 INFO  [Log] Searching TextBox 
 2018-10-25 13:26:55,785 INFO  [Log] Searching TextBox 
 2018-10-25 13:27:01,845 INFO  [Log] ************************************************************************************************ 
 2018-10-25 13:27:01,845 INFO  [Log] ************************************************************************************************ 
 2018-10-25 13:27:01,846 INFO  [Log]      $$$$$$$$$$    E-N-D of  @ 25-10-2018_13-27-01 $$$$$$$$$$$$      
 2018-10-25 13:27:01,846 INFO  [Log] ************************************************************************************************ 
 2018-10-25 13:27:01,846 INFO  [Log] ************************************************************************************************ 
 2018-10-25 13:27:01,846 INFO  [Log]   
 2018-10-25 13:27:01,846 INFO  [Log]   
 2018-10-25 13:27:01,846 INFO  [Log]   
 2018-10-25 13:27:05,016 INFO  [Log] ************************************************************************************************ 
 2018-10-25 13:27:05,017 INFO  [Log] ************************************************************************************************ 
 2018-10-25 13:27:05,017 INFO  [Log]      $$$$$$$$$$    E-N-D of  @ 25-10-2018_13-27-05 $$$$$$$$$$$$      
 2018-10-25 13:27:05,017 INFO  [Log] ************************************************************************************************ 
 2018-10-25 13:27:05,017 INFO  [Log] ************************************************************************************************ 
 2018-10-25 13:27:05,017 INFO  [Log]   
 2018-10-25 13:27:05,017 INFO  [Log]   
 2018-10-25 13:27:05,017 INFO  [Log]   
 2018-10-25 13:48:25,516 INFO  [Log] New Chrome Driver Intiated 
 2018-10-25 13:48:48,408 INFO  [Log] ************************************************************************************************ 
 2018-10-25 13:48:48,408 INFO  [Log] ************************************************************************************************ 
 2018-10-25 13:48:48,408 INFO  [Log]      $$$$$$$$$$$$$$$$$$    Profile @ 25-10-2018_13-48-48   $$$$$$$$$$$$$$$$$    
 2018-10-25 13:48:48,408 INFO  [Log] ************************************************************************************************ 
 2018-10-25 13:48:48,409 INFO  [Log] ************************************************************************************************ 
 2018-10-25 13:48:50,430 INFO  [Log] Searching TextBox 
 2018-10-25 13:48:51,142 INFO  [Log] Searching TextBox 
 2018-10-25 14:03:41,917 INFO  [Log] New Chrome Driver Intiated 
 2018-10-25 14:03:57,538 INFO  [Log] ************************************************************************************************ 
 2018-10-25 14:03:57,538 INFO  [Log] ************************************************************************************************ 
 2018-10-25 14:03:57,538 INFO  [Log]      $$$$$$$$$$$$$$$$$$    Profile @ 25-10-2018_14-03-57   $$$$$$$$$$$$$$$$$    
 2018-10-25 14:03:57,538 INFO  [Log] ************************************************************************************************ 
 2018-10-25 14:03:57,538 INFO  [Log] ************************************************************************************************ 
 2018-10-25 14:03:59,777 INFO  [Log] Searching TextBox 
 2018-10-25 14:03:59,955 INFO  [Log] Searching TextBox 
 2018-10-25 14:04:52,495 INFO  [Log] ************************************************************************************************ 
 2018-10-25 14:04:52,495 INFO  [Log] ************************************************************************************************ 
 2018-10-25 14:04:52,495 INFO  [Log]      $$$$$$$$$$    E-N-D of  @ 25-10-2018_14-04-52 $$$$$$$$$$$$      
 2018-10-25 14:04:52,495 INFO  [Log] ************************************************************************************************ 
 2018-10-25 14:04:52,495 INFO  [Log] ************************************************************************************************ 
 2018-10-25 14:04:52,495 INFO  [Log]   
 2018-10-25 14:04:52,495 INFO  [Log]   
 2018-10-25 14:04:52,495 INFO  [Log]   
 2018-10-25 14:05:39,512 INFO  [Log] New Chrome Driver Intiated 
 2018-10-25 14:05:55,641 INFO  [Log] ************************************************************************************************ 
 2018-10-25 14:05:55,642 INFO  [Log] ************************************************************************************************ 
 2018-10-25 14:05:55,643 INFO  [Log]      $$$$$$$$$$$$$$$$$$    Profile @ 25-10-2018_14-05-55   $$$$$$$$$$$$$$$$$    
 2018-10-25 14:05:55,643 INFO  [Log] ************************************************************************************************ 
 2018-10-25 14:05:55,643 INFO  [Log] ************************************************************************************************ 
 2018-10-25 14:05:58,212 INFO  [Log] Searching TextBox 
 2018-10-25 14:05:58,488 INFO  [Log] Searching TextBox 
 2018-10-25 14:07:35,461 INFO  [Log] ************************************************************************************************ 
 2018-10-25 14:07:35,461 INFO  [Log] ************************************************************************************************ 
 2018-10-25 14:07:35,462 INFO  [Log]      $$$$$$$$$$    E-N-D of  @ 25-10-2018_14-07-35 $$$$$$$$$$$$      
 2018-10-25 14:07:35,462 INFO  [Log] ************************************************************************************************ 
 2018-10-25 14:07:35,462 INFO  [Log] ************************************************************************************************ 
 2018-10-25 14:07:35,462 INFO  [Log]   
 2018-10-25 14:07:35,462 INFO  [Log]   
 2018-10-25 14:07:35,462 INFO  [Log]   
 2018-10-25 14:30:38,139 INFO  [Log] New Chrome Driver Intiated 
 2018-10-25 14:30:55,225 INFO  [Log] ************************************************************************************************ 
 2018-10-25 14:30:55,225 INFO  [Log] ************************************************************************************************ 
 2018-10-25 14:30:55,225 INFO  [Log]      $$$$$$$$$$$$$$$$$$    Profile @ 25-10-2018_14-30-55   $$$$$$$$$$$$$$$$$    
 2018-10-25 14:30:55,225 INFO  [Log] ************************************************************************************************ 
 2018-10-25 14:30:55,226 INFO  [Log] ************************************************************************************************ 
 2018-10-25 14:30:57,464 INFO  [Log] Searching TextBox 
 2018-10-25 14:30:57,621 INFO  [Log] Searching TextBox 
 2018-10-25 14:36:16,167 INFO  [Log] ************************************************************************************************ 
 2018-10-25 14:36:16,168 INFO  [Log] ************************************************************************************************ 
 2018-10-25 14:36:16,168 INFO  [Log]      $$$$$$$$$$    E-N-D of  @ 25-10-2018_14-36-16 $$$$$$$$$$$$      
 2018-10-25 14:36:16,168 INFO  [Log] ************************************************************************************************ 
 2018-10-25 14:36:16,168 INFO  [Log] ************************************************************************************************ 
 2018-10-25 14:36:16,168 INFO  [Log]   
 2018-10-25 14:36:16,168 INFO  [Log]   
 2018-10-25 14:36:16,168 INFO  [Log]   
 2018-10-29 14:39:33,565 INFO  [Log] New Chrome Driver Intiated 
 2018-10-29 14:39:49,578 INFO  [Log] ************************************************************************************************ 
 2018-10-29 14:39:49,578 INFO  [Log] ************************************************************************************************ 
 2018-10-29 14:39:49,578 INFO  [Log]      $$$$$$$$$$$$$$$$$$    Profile @ 29-10-2018_14-39-49   $$$$$$$$$$$$$$$$$    
 2018-10-29 14:39:49,578 INFO  [Log] ************************************************************************************************ 
 2018-10-29 14:39:49,578 INFO  [Log] ************************************************************************************************ 
 2018-10-29 14:39:51,748 INFO  [Log] Searching TextBox 
 2018-10-29 14:39:51,876 INFO  [Log] Searching TextBox 
 2018-10-29 14:41:30,044 INFO  [Log] ************************************************************************************************ 
 2018-10-29 14:41:30,044 INFO  [Log] ************************************************************************************************ 
 2018-10-29 14:41:30,045 INFO  [Log]      $$$$$$$$$$    E-N-D of  @ 29-10-2018_14-41-30 $$$$$$$$$$$$      
 2018-10-29 14:41:30,045 INFO  [Log] ************************************************************************************************ 
 2018-10-29 14:41:30,045 INFO  [Log] ************************************************************************************************ 
 2018-10-29 14:41:30,045 INFO  [Log]   
 2018-10-29 14:41:30,045 INFO  [Log]   
 2018-10-29 14:41:30,045 INFO  [Log]   
 2018-10-31 15:10:13,653 INFO  [Log] New Chrome Driver Intiated 
 2018-10-31 15:10:31,902 INFO  [Log] ************************************************************************************************ 
 2018-10-31 15:10:31,902 INFO  [Log] ************************************************************************************************ 
 2018-10-31 15:10:31,902 INFO  [Log]      $$$$$$$$$$$$$$$$$$    Profile @ 31-10-2018_15-10-31   $$$$$$$$$$$$$$$$$    
 2018-10-31 15:10:31,902 INFO  [Log] ************************************************************************************************ 
 2018-10-31 15:10:31,902 INFO  [Log] ************************************************************************************************ 
 2018-10-31 15:10:34,378 INFO  [Log] Searching TextBox 
 2018-10-31 15:10:34,611 INFO  [Log] Searching TextBox 
 2018-10-31 15:11:27,096 INFO  [Log] ************************************************************************************************ 
 2018-10-31 15:11:27,096 INFO  [Log] ************************************************************************************************ 
 2018-10-31 15:11:27,096 INFO  [Log]      $$$$$$$$$$    E-N-D of  @ 31-10-2018_15-11-27 $$$$$$$$$$$$      
 2018-10-31 15:11:27,096 INFO  [Log] ************************************************************************************************ 
 2018-10-31 15:11:27,096 INFO  [Log] ************************************************************************************************ 
 2018-10-31 15:11:27,096 INFO  [Log]   
 2018-10-31 15:11:27,096 INFO  [Log]   
 2018-10-31 15:11:27,097 INFO  [Log]   
 2018-10-31 15:44:41,985 INFO  [Log] New Chrome Driver Intiated 
 2018-10-31 15:45:01,959 INFO  [Log] ************************************************************************************************ 
 2018-10-31 15:45:01,959 INFO  [Log] ************************************************************************************************ 
 2018-10-31 15:45:01,959 INFO  [Log]      $$$$$$$$$$$$$$$$$$    Profile @ 31-10-2018_15-45-01   $$$$$$$$$$$$$$$$$    
 2018-10-31 15:45:01,959 INFO  [Log] ************************************************************************************************ 
 2018-10-31 15:45:01,959 INFO  [Log] ************************************************************************************************ 
 2018-10-31 15:45:04,563 INFO  [Log] Searching TextBox 
 2018-10-31 15:45:04,898 INFO  [Log] Searching TextBox 
 2018-10-31 15:45:58,491 INFO  [Log] ************************************************************************************************ 
 2018-10-31 15:45:58,491 INFO  [Log] ************************************************************************************************ 
 2018-10-31 15:45:58,491 INFO  [Log]      $$$$$$$$$$    E-N-D of  @ 31-10-2018_15-45-58 $$$$$$$$$$$$      
 2018-10-31 15:45:58,491 INFO  [Log] ************************************************************************************************ 
 2018-10-31 15:45:58,491 INFO  [Log] ************************************************************************************************ 
 2018-10-31 15:45:58,491 INFO  [Log]   
 2018-10-31 15:45:58,491 INFO  [Log]   
 2018-10-31 15:45:58,492 INFO  [Log]   
 2018-11-08 11:19:53,455 INFO  [Log] New Chrome Driver Intiated 
 2018-11-08 11:20:11,690 INFO  [Log] ************************************************************************************************ 
 2018-11-08 11:20:11,690 INFO  [Log] ************************************************************************************************ 
 2018-11-08 11:20:11,690 INFO  [Log]      $$$$$$$$$$$$$$$$$$    Profile @ 08-11-2018_11-20-11   $$$$$$$$$$$$$$$$$    
 2018-11-08 11:20:11,690 INFO  [Log] ************************************************************************************************ 
 2018-11-08 11:20:11,690 INFO  [Log] ************************************************************************************************ 
 2018-11-08 11:20:13,994 INFO  [Log] Searching TextBox 
 2018-11-08 11:20:14,301 INFO  [Log] Searching TextBox 
 2018-11-08 11:21:08,124 INFO  [Log] ************************************************************************************************ 
 2018-11-08 11:21:08,124 INFO  [Log] ************************************************************************************************ 
 2018-11-08 11:21:08,124 INFO  [Log]      $$$$$$$$$$    E-N-D of  @ 08-11-2018_11-21-08 $$$$$$$$$$$$      
 2018-11-08 11:21:08,124 INFO  [Log] ************************************************************************************************ 
 2018-11-08 11:21:08,124 INFO  [Log] ************************************************************************************************ 
 2018-11-08 11:21:08,124 INFO  [Log]   
 2018-11-08 11:21:08,124 INFO  [Log]   
 2018-11-08 11:21:08,124 INFO  [Log]   
 2018-11-08 11:32:19,216 INFO  [Log] New Chrome Driver Intiated 
 2018-11-08 11:32:36,234 INFO  [Log] ************************************************************************************************ 
 2018-11-08 11:32:36,234 INFO  [Log] ************************************************************************************************ 
 2018-11-08 11:32:36,234 INFO  [Log]      $$$$$$$$$$$$$$$$$$    Profile @ 08-11-2018_11-32-36   $$$$$$$$$$$$$$$$$    
 2018-11-08 11:32:36,234 INFO  [Log] ************************************************************************************************ 
 2018-11-08 11:32:36,234 INFO  [Log] ************************************************************************************************ 
 2018-11-08 11:32:39,302 INFO  [Log] Searching TextBox 
 2018-11-08 11:32:39,511 INFO  [Log] Searching TextBox 
 2018-11-08 11:35:46,270 INFO  [Log] ************************************************************************************************ 
 2018-11-08 11:35:46,270 INFO  [Log] ************************************************************************************************ 
 2018-11-08 11:35:46,271 INFO  [Log]      $$$$$$$$$$    E-N-D of  @ 08-11-2018_11-35-46 $$$$$$$$$$$$      
 2018-11-08 11:35:46,271 INFO  [Log] ************************************************************************************************ 
 2018-11-08 11:35:46,271 INFO  [Log] ************************************************************************************************ 
 2018-11-08 11:35:46,271 INFO  [Log]   
 2018-11-08 11:35:46,271 INFO  [Log]   
 2018-11-08 11:35:46,271 INFO  [Log]   
 2018-11-08 19:43:50,889 INFO  [Log] New Chrome Driver Intiated 
 2018-11-08 19:44:06,947 INFO  [Log] Searching TextBox 
 2018-11-08 19:44:07,265 INFO  [Log] Searching TextBox 
 2018-11-08 19:44:54,306 INFO  [Log] ************************************************************************************************ 
 2018-11-08 19:44:54,306 INFO  [Log] ************************************************************************************************ 
 2018-11-08 19:44:54,306 INFO  [Log]      $$$$$$$$$$$$$$$$$$    Profile @ 08-11-2018_19-44-54   $$$$$$$$$$$$$$$$$    
 2018-11-08 19:44:54,306 INFO  [Log] ************************************************************************************************ 
 2018-11-08 19:44:54,306 INFO  [Log] ************************************************************************************************ 
 2018-11-08 19:45:40,131 INFO  [Log] ************************************************************************************************ 
 2018-11-08 19:45:40,131 INFO  [Log] ************************************************************************************************ 
 2018-11-08 19:45:40,134 INFO  [Log]      $$$$$$$$$$    E-N-D of  @ 08-11-2018_19-45-40 $$$$$$$$$$$$      
 2018-11-08 19:45:40,134 INFO  [Log] ************************************************************************************************ 
 2018-11-08 19:45:40,134 INFO  [Log] ************************************************************************************************ 
 2018-11-08 19:45:40,134 INFO  [Log]   
 2018-11-08 19:45:40,134 INFO  [Log]   
 2018-11-08 19:45:40,134 INFO  [Log]   
 2018-11-12 13:42:52,362 INFO  [Log] New Chrome Driver Intiated 
 2018-11-12 13:43:14,914 INFO  [Log] Searching TextBox 
 2018-11-12 13:43:15,206 INFO  [Log] Searching TextBox 
 2018-11-12 13:44:15,875 INFO  [Log] ************************************************************************************************ 
 2018-11-12 13:44:15,875 INFO  [Log] ************************************************************************************************ 
 2018-11-12 13:44:15,875 INFO  [Log]      $$$$$$$$$$$$$$$$$$    Profile @ 12-11-2018_13-44-15   $$$$$$$$$$$$$$$$$    
 2018-11-12 13:44:15,875 INFO  [Log] ************************************************************************************************ 
 2018-11-12 13:44:15,875 INFO  [Log] ************************************************************************************************ 
 2018-11-12 13:45:10,061 INFO  [Log] ************************************************************************************************ 
 2018-11-12 13:45:10,061 INFO  [Log] ************************************************************************************************ 
 2018-11-12 13:45:10,061 INFO  [Log]      $$$$$$$$$$    E-N-D of  @ 12-11-2018_13-45-10 $$$$$$$$$$$$      
 2018-11-12 13:45:10,061 INFO  [Log] ************************************************************************************************ 
 2018-11-12 13:45:10,061 INFO  [Log] ************************************************************************************************ 
 2018-11-12 13:45:10,061 INFO  [Log]   
 2018-11-12 13:45:10,061 INFO  [Log]   
 2018-11-12 13:45:10,061 INFO  [Log]   
 2018-11-12 13:54:29,742 INFO  [Log] New Chrome Driver Intiated 
 2018-11-12 13:54:50,528 INFO  [Log] Searching TextBox 
 2018-11-12 13:54:50,833 INFO  [Log] Searching TextBox 
 2018-11-12 13:56:38,011 INFO  [Log] New Chrome Driver Intiated 
 2018-11-12 13:56:55,051 INFO  [Log] Searching TextBox 
 2018-11-12 13:56:55,265 INFO  [Log] Searching TextBox 
 2018-11-12 13:57:42,761 INFO  [Log] ************************************************************************************************ 
 2018-11-12 13:57:42,761 INFO  [Log] ************************************************************************************************ 
 2018-11-12 13:57:42,761 INFO  [Log]      $$$$$$$$$$$$$$$$$$    Profile @ 12-11-2018_13-57-42   $$$$$$$$$$$$$$$$$    
 2018-11-12 13:57:42,761 INFO  [Log] ************************************************************************************************ 
 2018-11-12 13:57:42,761 INFO  [Log] ************************************************************************************************ 
 2018-11-12 14:01:28,764 INFO  [Log] ************************************************************************************************ 
 2018-11-12 14:01:28,765 INFO  [Log] ************************************************************************************************ 
 2018-11-12 14:01:28,765 INFO  [Log]      $$$$$$$$$$    E-N-D of  @ 12-11-2018_14-01-28 $$$$$$$$$$$$      
 2018-11-12 14:01:28,765 INFO  [Log] ************************************************************************************************ 
 2018-11-12 14:01:28,765 INFO  [Log] ************************************************************************************************ 
 2018-11-12 14:01:28,765 INFO  [Log]   
 2018-11-12 14:01:28,765 INFO  [Log]   
 2018-11-12 14:01:28,765 INFO  [Log]   
 2018-11-12 14:10:04,866 INFO  [Log] New Chrome Driver Intiated 
 2018-11-12 14:10:21,678 INFO  [Log] Searching TextBox 
 2018-11-12 14:10:21,929 INFO  [Log] Searching TextBox 
 2018-11-12 14:11:09,611 INFO  [Log] ************************************************************************************************ 
 2018-11-12 14:11:09,611 INFO  [Log] ************************************************************************************************ 
 2018-11-12 14:11:09,611 INFO  [Log]      $$$$$$$$$$$$$$$$$$    Profile @ 12-11-2018_14-11-09   $$$$$$$$$$$$$$$$$    
 2018-11-12 14:11:09,611 INFO  [Log] ************************************************************************************************ 
 2018-11-12 14:11:09,612 INFO  [Log] ************************************************************************************************ 
 2018-11-12 14:12:31,763 INFO  [Log] ************************************************************************************************ 
 2018-11-12 14:12:31,763 INFO  [Log] ************************************************************************************************ 
 2018-11-12 14:12:31,763 INFO  [Log]      $$$$$$$$$$    E-N-D of  @ 12-11-2018_14-12-31 $$$$$$$$$$$$      
 2018-11-12 14:12:31,763 INFO  [Log] ************************************************************************************************ 
 2018-11-12 14:12:31,763 INFO  [Log] ************************************************************************************************ 
 2018-11-12 14:12:31,763 INFO  [Log]   
 2018-11-12 14:12:31,763 INFO  [Log]   
 2018-11-12 14:12:31,763 INFO  [Log]   
 2018-11-12 14:22:51,903 INFO  [Log] New Chrome Driver Intiated 
 2018-11-12 14:23:12,075 INFO  [Log] Searching TextBox 
 2018-11-12 14:23:12,298 INFO  [Log] Searching TextBox 
 2018-11-12 14:25:48,121 INFO  [Log] Searching TextBox 
 2018-11-12 14:26:03,766 INFO  [Log] ************************************************************************************************ 
 2018-11-12 14:26:03,766 INFO  [Log] ************************************************************************************************ 
 2018-11-12 14:26:03,766 INFO  [Log]      $$$$$$$$$$$$$$$$$$    Profile @ 12-11-2018_14-26-03   $$$$$$$$$$$$$$$$$    
 2018-11-12 14:26:03,767 INFO  [Log] ************************************************************************************************ 
 2018-11-12 14:26:03,767 INFO  [Log] ************************************************************************************************ 
 2018-11-12 14:27:18,065 INFO  [Log] ************************************************************************************************ 
 2018-11-12 14:27:18,066 INFO  [Log] ************************************************************************************************ 
 2018-11-12 14:27:18,066 INFO  [Log]      $$$$$$$$$$    E-N-D of  @ 12-11-2018_14-27-18 $$$$$$$$$$$$      
 2018-11-12 14:27:18,066 INFO  [Log] ************************************************************************************************ 
 2018-11-12 14:27:18,066 INFO  [Log] ************************************************************************************************ 
 2018-11-12 14:27:18,066 INFO  [Log]   
 2018-11-12 14:27:18,066 INFO  [Log]   
 2018-11-12 14:27:18,066 INFO  [Log]   
 2018-11-12 14:27:52,405 INFO  [Log] New Chrome Driver Intiated 
 2018-11-12 14:28:08,885 INFO  [Log] Searching TextBox 
 2018-11-12 14:28:09,104 INFO  [Log] Searching TextBox 
 2018-11-12 14:28:57,673 INFO  [Log] ************************************************************************************************ 
 2018-11-12 14:28:57,673 INFO  [Log] ************************************************************************************************ 
 2018-11-12 14:28:57,673 INFO  [Log]      $$$$$$$$$$$$$$$$$$    Profile @ 12-11-2018_14-28-57   $$$$$$$$$$$$$$$$$    
 2018-11-12 14:28:57,673 INFO  [Log] ************************************************************************************************ 
 2018-11-12 14:28:57,673 INFO  [Log] ************************************************************************************************ 
 2018-11-12 14:29:10,098 INFO  [Log] Searching TextBox 
 2018-11-12 14:36:32,930 INFO  [Log] ************************************************************************************************ 
 2018-11-12 14:36:32,930 INFO  [Log] ************************************************************************************************ 
 2018-11-12 14:36:32,930 INFO  [Log]      $$$$$$$$$$    E-N-D of  @ 12-11-2018_14-36-32 $$$$$$$$$$$$      
 2018-11-12 14:36:32,930 INFO  [Log] ************************************************************************************************ 
 2018-11-12 14:36:32,930 INFO  [Log] ************************************************************************************************ 
 2018-11-12 14:36:32,930 INFO  [Log]   
 2018-11-12 14:36:32,930 INFO  [Log]   
 2018-11-12 14:36:32,931 INFO  [Log]   
 2018-11-16 16:37:00,367 INFO  [Log] New Chrome Driver Intiated 
 2018-11-16 16:37:22,178 INFO  [Log] Searching TextBox 
 2018-11-20 15:02:13,647 INFO  [Log] New Chrome Driver Intiated 
 2018-11-20 15:02:35,894 INFO  [Log] Searching TextBox 
 2018-11-20 15:02:36,155 INFO  [Log] Searching TextBox 
 2018-11-20 15:03:26,051 INFO  [Log] ************************************************************************************************ 
 2018-11-20 15:03:26,051 INFO  [Log] ************************************************************************************************ 
 2018-11-20 15:03:26,052 INFO  [Log]      $$$$$$$$$$$$$$$$$$    Profile @ 20-11-2018_15-03-26   $$$$$$$$$$$$$$$$$    
 2018-11-20 15:03:26,052 INFO  [Log] ************************************************************************************************ 
 2018-11-20 15:03:26,052 INFO  [Log] ************************************************************************************************ 
 2018-11-20 15:07:05,259 INFO  [Log] ************************************************************************************************ 
 2018-11-20 15:07:05,259 INFO  [Log] ************************************************************************************************ 
 2018-11-20 15:07:05,259 INFO  [Log]      $$$$$$$$$$    E-N-D of  @ 20-11-2018_15-07-05 $$$$$$$$$$$$      
 2018-11-20 15:07:05,259 INFO  [Log] ************************************************************************************************ 
 2018-11-20 15:07:05,259 INFO  [Log] ************************************************************************************************ 
 2018-11-20 15:07:05,259 INFO  [Log]   
 2018-11-20 15:07:05,259 INFO  [Log]   
 2018-11-20 15:07:05,259 INFO  [Log]   
 2018-11-20 15:07:16,197 INFO  [Log] New Chrome Driver Intiated 
 2018-11-20 15:07:31,140 INFO  [Log] Searching TextBox 
 2018-11-20 15:07:31,434 INFO  [Log] Searching TextBox 
 2018-11-20 15:08:33,006 INFO  [Log] New Chrome Driver Intiated 
 2018-11-20 15:08:50,088 INFO  [Log] Searching TextBox 
 2018-11-20 15:08:50,325 INFO  [Log] Searching TextBox 
 2018-11-20 15:09:38,000 INFO  [Log] ************************************************************************************************ 
 2018-11-20 15:09:38,000 INFO  [Log] ************************************************************************************************ 
 2018-11-20 15:09:38,001 INFO  [Log]      $$$$$$$$$$$$$$$$$$    Profile @ 20-11-2018_15-09-38   $$$$$$$$$$$$$$$$$    
 2018-11-20 15:09:38,001 INFO  [Log] ************************************************************************************************ 
 2018-11-20 15:09:38,001 INFO  [Log] ************************************************************************************************ 
 2018-11-20 15:13:17,138 INFO  [Log] ************************************************************************************************ 
 2018-11-20 15:13:17,138 INFO  [Log] ************************************************************************************************ 
 2018-11-20 15:13:17,138 INFO  [Log]      $$$$$$$$$$    E-N-D of  @ 20-11-2018_15-13-17 $$$$$$$$$$$$      
 2018-11-20 15:13:17,138 INFO  [Log] ************************************************************************************************ 
 2018-11-20 15:13:17,138 INFO  [Log] ************************************************************************************************ 
 2018-11-20 15:13:17,138 INFO  [Log]   
 2018-11-20 15:13:17,138 INFO  [Log]   
 2018-11-20 15:13:17,138 INFO  [Log]   
 2018-11-20 15:56:24,076 INFO  [Log] New Chrome Driver Intiated 
 2018-11-20 15:56:44,840 INFO  [Log] Searching TextBox 
 2018-11-20 15:56:45,237 INFO  [Log] Searching TextBox 
 2018-11-20 15:57:33,792 INFO  [Log] ************************************************************************************************ 
 2018-11-20 15:57:33,793 INFO  [Log] ************************************************************************************************ 
 2018-11-20 15:57:33,793 INFO  [Log]      $$$$$$$$$$$$$$$$$$    Profile @ 20-11-2018_15-57-33   $$$$$$$$$$$$$$$$$    
 2018-11-20 15:57:33,793 INFO  [Log] ************************************************************************************************ 
 2018-11-20 15:57:33,793 INFO  [Log] ************************************************************************************************ 
 2018-11-20 15:58:31,011 INFO  [Log] ************************************************************************************************ 
 2018-11-20 15:58:31,011 INFO  [Log] ************************************************************************************************ 
 2018-11-20 15:58:31,011 INFO  [Log]      $$$$$$$$$$    E-N-D of  @ 20-11-2018_15-58-31 $$$$$$$$$$$$      
 2018-11-20 15:58:31,011 INFO  [Log] ************************************************************************************************ 
 2018-11-20 15:58:31,011 INFO  [Log] ************************************************************************************************ 
 2018-11-20 15:58:31,011 INFO  [Log]   
 2018-11-20 15:58:31,011 INFO  [Log]   
 2018-11-20 15:58:31,011 INFO  [Log]   
 