2018-12-10 15:52:29,954 INFO  [Log] New Chrome Driver Intiated 
 2018-12-10 15:52:56,933 INFO  [Log] Searching TextBox 
 2018-12-10 15:52:57,140 INFO  [Log] Searching TextBox 
 2018-12-10 15:53:41,708 INFO  [Log] ************************************************************************************************ 
 2018-12-10 15:53:41,708 INFO  [Log] ************************************************************************************************ 
 2018-12-10 15:53:41,708 INFO  [Log]      $$$$$$$$$$$$$$$$$$    sample @ 10-12-2018_15-53-41   $$$$$$$$$$$$$$$$$    
 2018-12-10 15:53:41,708 INFO  [Log] ************************************************************************************************ 
 2018-12-10 15:53:41,709 INFO  [Log] ************************************************************************************************ 
 2018-12-10 15:57:23,745 INFO  [Log] ************************************************************************************************ 
 2018-12-10 15:57:23,745 INFO  [Log] ************************************************************************************************ 
 2018-12-10 15:57:23,745 INFO  [Log]      $$$$$$$$$$    E-N-D of  @ 10-12-2018_15-57-23 $$$$$$$$$$$$      
 2018-12-10 15:57:23,745 INFO  [Log] ************************************************************************************************ 
 2018-12-10 15:57:23,745 INFO  [Log] ************************************************************************************************ 
 2018-12-10 15:57:23,745 INFO  [Log]   
 2018-12-10 15:57:23,745 INFO  [Log]   
 2018-12-10 15:57:23,745 INFO  [Log]   
 2018-12-20 14:36:27,485 INFO  [Log] New Chrome Driver Intiated 
 2018-12-20 14:36:46,521 INFO  [Log] Searching TextBox 
 2018-12-20 14:36:46,734 INFO  [Log] Searching TextBox 
 2018-12-20 14:36:52,493 INFO  [Log] ************************************************************************************************ 
 2018-12-20 14:36:52,493 INFO  [Log] ************************************************************************************************ 
 2018-12-20 14:36:52,493 INFO  [Log]      $$$$$$$$$$    E-N-D of  @ 20-12-2018_14-36-52 $$$$$$$$$$$$      
 2018-12-20 14:36:52,493 INFO  [Log] ************************************************************************************************ 
 2018-12-20 14:36:52,493 INFO  [Log] ************************************************************************************************ 
 2018-12-20 14:36:52,493 INFO  [Log]   
 2018-12-20 14:36:52,493 INFO  [Log]   
 2018-12-20 14:36:52,493 INFO  [Log]   
 2018-12-20 14:41:15,500 INFO  [Log] New Chrome Driver Intiated 
 2018-12-20 14:41:31,781 INFO  [Log] Searching TextBox 
 2018-12-20 14:41:31,948 INFO  [Log] Searching TextBox 
 2018-12-20 14:42:39,614 INFO  [Log] ************************************************************************************************ 
 2018-12-20 14:42:39,614 INFO  [Log] ************************************************************************************************ 
 2018-12-20 14:42:39,614 INFO  [Log]      $$$$$$$$$$$$$$$$$$    PreviewReport @ 20-12-2018_14-42-39   $$$$$$$$$$$$$$$$$    
 2018-12-20 14:42:39,614 INFO  [Log] ************************************************************************************************ 
 2018-12-20 14:42:39,614 INFO  [Log] ************************************************************************************************ 
 2018-12-20 14:42:40,751 INFO  [Log] ************************************************************************************************ 
 2018-12-20 14:42:40,751 INFO  [Log] ************************************************************************************************ 
 2018-12-20 14:42:40,751 INFO  [Log]      $$$$$$$$$$$$$$$$$$    RunReport @ 20-12-2018_14-42-40   $$$$$$$$$$$$$$$$$    
 2018-12-20 14:42:40,751 INFO  [Log] ************************************************************************************************ 
 2018-12-20 14:42:40,751 INFO  [Log] ************************************************************************************************ 
 2018-12-20 14:43:09,406 INFO  [Log] Searching TextBox 
 2018-12-20 14:47:23,226 INFO  [Log] New Chrome Driver Intiated 
 2018-12-20 14:47:40,934 INFO  [Log] Searching TextBox 
 2018-12-20 14:47:41,117 INFO  [Log] Searching TextBox 
 2018-12-20 14:48:25,665 INFO  [Log] ************************************************************************************************ 
 2018-12-20 14:48:25,665 INFO  [Log] ************************************************************************************************ 
 2018-12-20 14:48:25,665 INFO  [Log]      $$$$$$$$$$$$$$$$$$    RunReport @ 20-12-2018_14-48-25   $$$$$$$$$$$$$$$$$    
 2018-12-20 14:48:25,665 INFO  [Log] ************************************************************************************************ 
 2018-12-20 14:48:25,665 INFO  [Log] ************************************************************************************************ 
 2018-12-20 14:48:26,615 INFO  [Log] ************************************************************************************************ 
 2018-12-20 14:48:26,615 INFO  [Log] ************************************************************************************************ 
 2018-12-20 14:48:26,615 INFO  [Log]      $$$$$$$$$$$$$$$$$$    RunReport @ 20-12-2018_14-48-26   $$$$$$$$$$$$$$$$$    
 2018-12-20 14:48:26,615 INFO  [Log] ************************************************************************************************ 
 2018-12-20 14:48:26,615 INFO  [Log] ************************************************************************************************ 
 2018-12-20 14:48:54,529 INFO  [Log] Searching TextBox 
 2018-12-20 14:52:02,155 INFO  [Log] ************************************************************************************************ 
 2018-12-20 14:52:02,156 INFO  [Log] ************************************************************************************************ 
 2018-12-20 14:52:02,156 INFO  [Log]      $$$$$$$$$$    E-N-D of  @ 20-12-2018_14-52-02 $$$$$$$$$$$$      
 2018-12-20 14:52:02,156 INFO  [Log] ************************************************************************************************ 
 2018-12-20 14:52:02,156 INFO  [Log] ************************************************************************************************ 
 2018-12-20 14:52:02,156 INFO  [Log]   
 2018-12-20 14:52:02,156 INFO  [Log]   
 2018-12-20 14:52:02,156 INFO  [Log]   
 2018-12-20 14:52:11,651 INFO  [Log] New Chrome Driver Intiated 
 2018-12-20 14:52:26,028 INFO  [Log] Searching TextBox 
 2018-12-20 14:52:26,210 INFO  [Log] Searching TextBox 
 2018-12-20 14:53:33,984 INFO  [Log] ************************************************************************************************ 
 2018-12-20 14:53:33,984 INFO  [Log] ************************************************************************************************ 
 2018-12-20 14:53:33,984 INFO  [Log]      $$$$$$$$$$$$$$$$$$    RunReport @ 20-12-2018_14-53-33   $$$$$$$$$$$$$$$$$    
 2018-12-20 14:53:33,984 INFO  [Log] ************************************************************************************************ 
 2018-12-20 14:53:33,984 INFO  [Log] ************************************************************************************************ 
 2018-12-20 14:53:35,042 INFO  [Log] ************************************************************************************************ 
 2018-12-20 14:53:35,042 INFO  [Log] ************************************************************************************************ 
 2018-12-20 14:53:35,042 INFO  [Log]      $$$$$$$$$$$$$$$$$$    RunReport @ 20-12-2018_14-53-35   $$$$$$$$$$$$$$$$$    
 2018-12-20 14:53:35,042 INFO  [Log] ************************************************************************************************ 
 2018-12-20 14:53:35,042 INFO  [Log] ************************************************************************************************ 
 2018-12-20 14:54:03,345 INFO  [Log] Searching TextBox 
 2018-12-20 14:54:26,842 INFO  [Log] ************************************************************************************************ 
 2018-12-20 14:54:26,842 INFO  [Log] ************************************************************************************************ 
 2018-12-20 14:54:26,842 INFO  [Log]      $$$$$$$$$$    E-N-D of  @ 20-12-2018_14-54-26 $$$$$$$$$$$$      
 2018-12-20 14:54:26,842 INFO  [Log] ************************************************************************************************ 
 2018-12-20 14:54:26,842 INFO  [Log] ************************************************************************************************ 
 2018-12-20 14:54:26,842 INFO  [Log]   
 2018-12-20 14:54:26,842 INFO  [Log]   
 2018-12-20 14:54:26,842 INFO  [Log]   
 2018-12-20 14:56:18,468 INFO  [Log] New Chrome Driver Intiated 
 2018-12-20 14:56:32,864 INFO  [Log] Searching TextBox 
 2018-12-20 14:56:33,005 INFO  [Log] Searching TextBox 
 2018-12-20 14:57:40,321 INFO  [Log] ************************************************************************************************ 
 2018-12-20 14:57:40,321 INFO  [Log] ************************************************************************************************ 
 2018-12-20 14:57:40,322 INFO  [Log]      $$$$$$$$$$$$$$$$$$    RunReport @ 20-12-2018_14-57-40   $$$$$$$$$$$$$$$$$    
 2018-12-20 14:57:40,322 INFO  [Log] ************************************************************************************************ 
 2018-12-20 14:57:40,322 INFO  [Log] ************************************************************************************************ 
 2018-12-20 14:57:41,341 INFO  [Log] ************************************************************************************************ 
 2018-12-20 14:57:41,341 INFO  [Log] ************************************************************************************************ 
 2018-12-20 14:57:41,342 INFO  [Log]      $$$$$$$$$$$$$$$$$$    RunReport @ 20-12-2018_14-57-41   $$$$$$$$$$$$$$$$$    
 2018-12-20 14:57:41,342 INFO  [Log] ************************************************************************************************ 
 2018-12-20 14:57:41,342 INFO  [Log] ************************************************************************************************ 
 2018-12-20 14:58:10,080 INFO  [Log] Searching TextBox 
 2018-12-20 14:58:48,330 INFO  [Log] ************************************************************************************************ 
 2018-12-20 14:58:48,330 INFO  [Log] ************************************************************************************************ 
 2018-12-20 14:58:48,331 INFO  [Log]      $$$$$$$$$$    E-N-D of  @ 20-12-2018_14-58-48 $$$$$$$$$$$$      
 2018-12-20 14:58:48,331 INFO  [Log] ************************************************************************************************ 
 2018-12-20 14:58:48,331 INFO  [Log] ************************************************************************************************ 
 2018-12-20 14:58:48,331 INFO  [Log]   
 2018-12-20 14:58:48,331 INFO  [Log]   
 2018-12-20 14:58:48,331 INFO  [Log]   
 2018-12-20 14:59:22,006 INFO  [Log] New Chrome Driver Intiated 
 2018-12-20 14:59:36,639 INFO  [Log] Searching TextBox 
 2018-12-20 14:59:36,828 INFO  [Log] Searching TextBox 
 2018-12-20 15:00:45,116 INFO  [Log] ************************************************************************************************ 
 2018-12-20 15:00:45,116 INFO  [Log] ************************************************************************************************ 
 2018-12-20 15:00:45,116 INFO  [Log]      $$$$$$$$$$$$$$$$$$    createExport @ 20-12-2018_15-00-45   $$$$$$$$$$$$$$$$$    
 2018-12-20 15:00:45,116 INFO  [Log] ************************************************************************************************ 
 2018-12-20 15:00:45,116 INFO  [Log] ************************************************************************************************ 
 2018-12-20 15:00:46,510 INFO  [Log] ************************************************************************************************ 
 2018-12-20 15:00:46,510 INFO  [Log] ************************************************************************************************ 
 2018-12-20 15:00:46,510 INFO  [Log]      $$$$$$$$$$$$$$$$$$    ExportsMenu @ 20-12-2018_15-00-46   $$$$$$$$$$$$$$$$$    
 2018-12-20 15:00:46,510 INFO  [Log] ************************************************************************************************ 
 2018-12-20 15:00:46,510 INFO  [Log] ************************************************************************************************ 
 2018-12-20 15:00:53,550 INFO  [Log] ************************************************************************************************ 
 2018-12-20 15:00:53,550 INFO  [Log] ************************************************************************************************ 
 2018-12-20 15:00:53,550 INFO  [Log]      $$$$$$$$$$    E-N-D of  @ 20-12-2018_15-00-53 $$$$$$$$$$$$      
 2018-12-20 15:00:53,550 INFO  [Log] ************************************************************************************************ 
 2018-12-20 15:00:53,550 INFO  [Log] ************************************************************************************************ 
 2018-12-20 15:00:53,550 INFO  [Log]   
 2018-12-20 15:00:53,550 INFO  [Log]   
 2018-12-20 15:00:53,550 INFO  [Log]   
 2018-12-20 15:01:11,812 INFO  [Log] New Chrome Driver Intiated 
 2018-12-20 15:01:25,732 INFO  [Log] Searching TextBox 
 2018-12-20 15:01:25,906 INFO  [Log] Searching TextBox 
 2018-12-20 15:02:10,612 INFO  [Log] ************************************************************************************************ 
 2018-12-20 15:02:10,612 INFO  [Log] ************************************************************************************************ 
 2018-12-20 15:02:10,612 INFO  [Log]      $$$$$$$$$$$$$$$$$$    RunReport @ 20-12-2018_15-02-10   $$$$$$$$$$$$$$$$$    
 2018-12-20 15:02:10,612 INFO  [Log] ************************************************************************************************ 
 2018-12-20 15:02:10,612 INFO  [Log] ************************************************************************************************ 
 2018-12-20 15:02:11,468 INFO  [Log] ************************************************************************************************ 
 2018-12-20 15:02:11,468 INFO  [Log] ************************************************************************************************ 
 2018-12-20 15:02:11,468 INFO  [Log]      $$$$$$$$$$$$$$$$$$    RunReport @ 20-12-2018_15-02-11   $$$$$$$$$$$$$$$$$    
 2018-12-20 15:02:11,468 INFO  [Log] ************************************************************************************************ 
 2018-12-20 15:02:11,468 INFO  [Log] ************************************************************************************************ 
 2018-12-20 15:02:39,183 INFO  [Log] Searching TextBox 
 2018-12-20 15:04:11,734 INFO  [Log] ************************************************************************************************ 
 2018-12-20 15:04:11,734 INFO  [Log] ************************************************************************************************ 
 2018-12-20 15:04:11,734 INFO  [Log]      $$$$$$$$$$    E-N-D of  @ 20-12-2018_15-04-11 $$$$$$$$$$$$      
 2018-12-20 15:04:11,734 INFO  [Log] ************************************************************************************************ 
 2018-12-20 15:04:11,734 INFO  [Log] ************************************************************************************************ 
 2018-12-20 15:04:11,734 INFO  [Log]   
 2018-12-20 15:04:11,734 INFO  [Log]   
 2018-12-20 15:04:11,734 INFO  [Log]   
 2018-12-20 15:05:48,827 INFO  [Log] New Chrome Driver Intiated 
 2018-12-20 15:06:03,168 INFO  [Log] Searching TextBox 
 2018-12-20 15:06:03,359 INFO  [Log] Searching TextBox 
 2018-12-20 15:07:11,028 INFO  [Log] ************************************************************************************************ 
 2018-12-20 15:07:11,028 INFO  [Log] ************************************************************************************************ 
 2018-12-20 15:07:11,028 INFO  [Log]      $$$$$$$$$$$$$$$$$$    createExport @ 20-12-2018_15-07-11   $$$$$$$$$$$$$$$$$    
 2018-12-20 15:07:11,028 INFO  [Log] ************************************************************************************************ 
 2018-12-20 15:07:11,028 INFO  [Log] ************************************************************************************************ 
 2018-12-20 15:07:12,446 INFO  [Log] ************************************************************************************************ 
 2018-12-20 15:07:12,446 INFO  [Log] ************************************************************************************************ 
 2018-12-20 15:07:12,446 INFO  [Log]      $$$$$$$$$$$$$$$$$$    ExportsMenu @ 20-12-2018_15-07-12   $$$$$$$$$$$$$$$$$    
 2018-12-20 15:07:12,446 INFO  [Log] ************************************************************************************************ 
 2018-12-20 15:07:12,447 INFO  [Log] ************************************************************************************************ 
 2018-12-20 15:07:18,468 INFO  [Log] ************************************************************************************************ 
 2018-12-20 15:07:18,468 INFO  [Log] ************************************************************************************************ 
 2018-12-20 15:07:18,468 INFO  [Log]      $$$$$$$$$$    E-N-D of  @ 20-12-2018_15-07-18 $$$$$$$$$$$$      
 2018-12-20 15:07:18,468 INFO  [Log] ************************************************************************************************ 
 2018-12-20 15:07:18,468 INFO  [Log] ************************************************************************************************ 
 2018-12-20 15:07:18,468 INFO  [Log]   
 2018-12-20 15:07:18,468 INFO  [Log]   
 2018-12-20 15:07:18,468 INFO  [Log]   
 2018-12-20 15:07:51,229 INFO  [Log] New Chrome Driver Intiated 
 2018-12-20 15:08:05,516 INFO  [Log] Searching TextBox 
 2018-12-20 15:08:05,690 INFO  [Log] Searching TextBox 
 2018-12-20 15:09:12,908 INFO  [Log] ************************************************************************************************ 
 2018-12-20 15:09:12,908 INFO  [Log] ************************************************************************************************ 
 2018-12-20 15:09:12,909 INFO  [Log]      $$$$$$$$$$$$$$$$$$    RunReport @ 20-12-2018_15-09-12   $$$$$$$$$$$$$$$$$    
 2018-12-20 15:09:12,909 INFO  [Log] ************************************************************************************************ 
 2018-12-20 15:09:12,909 INFO  [Log] ************************************************************************************************ 
 2018-12-20 15:09:13,961 INFO  [Log] ************************************************************************************************ 
 2018-12-20 15:09:13,961 INFO  [Log] ************************************************************************************************ 
 2018-12-20 15:09:13,961 INFO  [Log]      $$$$$$$$$$$$$$$$$$    RunReport @ 20-12-2018_15-09-13   $$$$$$$$$$$$$$$$$    
 2018-12-20 15:09:13,961 INFO  [Log] ************************************************************************************************ 
 2018-12-20 15:09:13,961 INFO  [Log] ************************************************************************************************ 
 2018-12-20 15:09:44,169 INFO  [Log] Searching TextBox 
 2018-12-20 15:10:52,589 INFO  [Log] ************************************************************************************************ 
 2018-12-20 15:10:52,589 INFO  [Log] ************************************************************************************************ 
 2018-12-20 15:10:52,589 INFO  [Log]      $$$$$$$$$$    E-N-D of  @ 20-12-2018_15-10-52 $$$$$$$$$$$$      
 2018-12-20 15:10:52,589 INFO  [Log] ************************************************************************************************ 
 2018-12-20 15:10:52,589 INFO  [Log] ************************************************************************************************ 
 2018-12-20 15:10:52,589 INFO  [Log]   
 2018-12-20 15:10:52,589 INFO  [Log]   
 2018-12-20 15:10:52,589 INFO  [Log]   
 2018-12-20 15:12:22,289 INFO  [Log] New Chrome Driver Intiated 
 2018-12-20 15:12:36,523 INFO  [Log] Searching TextBox 
 2018-12-20 15:12:36,702 INFO  [Log] Searching TextBox 
 2018-12-20 15:13:44,090 INFO  [Log] ************************************************************************************************ 
 2018-12-20 15:13:44,090 INFO  [Log] ************************************************************************************************ 
 2018-12-20 15:13:44,091 INFO  [Log]      $$$$$$$$$$$$$$$$$$    RunReport @ 20-12-2018_15-13-44   $$$$$$$$$$$$$$$$$    
 2018-12-20 15:13:44,091 INFO  [Log] ************************************************************************************************ 
 2018-12-20 15:13:44,091 INFO  [Log] ************************************************************************************************ 
 2018-12-20 15:13:45,200 INFO  [Log] ************************************************************************************************ 
 2018-12-20 15:13:45,200 INFO  [Log] ************************************************************************************************ 
 2018-12-20 15:13:45,200 INFO  [Log]      $$$$$$$$$$$$$$$$$$    RunReport @ 20-12-2018_15-13-45   $$$$$$$$$$$$$$$$$    
 2018-12-20 15:13:45,200 INFO  [Log] ************************************************************************************************ 
 2018-12-20 15:13:45,200 INFO  [Log] ************************************************************************************************ 
 2018-12-20 15:14:13,309 INFO  [Log] Searching TextBox 
 2018-12-20 15:16:14,026 INFO  [Log] ************************************************************************************************ 
 2018-12-20 15:16:14,026 INFO  [Log] ************************************************************************************************ 
 2018-12-20 15:16:14,026 INFO  [Log]      $$$$$$$$$$    E-N-D of  @ 20-12-2018_15-16-14 $$$$$$$$$$$$      
 2018-12-20 15:16:14,041 INFO  [Log] ************************************************************************************************ 
 2018-12-20 15:16:14,041 INFO  [Log] ************************************************************************************************ 
 2018-12-20 15:16:14,041 INFO  [Log]   
 2018-12-20 15:16:14,041 INFO  [Log]   
 2018-12-20 15:16:14,041 INFO  [Log]   
 2018-12-20 15:17:30,401 INFO  [Log] New Chrome Driver Intiated 
 2018-12-20 15:17:44,635 INFO  [Log] Searching TextBox 
 2018-12-20 15:17:44,825 INFO  [Log] Searching TextBox 
 2018-12-20 15:18:29,547 INFO  [Log] ************************************************************************************************ 
 2018-12-20 15:18:29,547 INFO  [Log] ************************************************************************************************ 
 2018-12-20 15:18:29,547 INFO  [Log]      $$$$$$$$$$$$$$$$$$    RunReport @ 20-12-2018_15-18-29   $$$$$$$$$$$$$$$$$    
 2018-12-20 15:18:29,547 INFO  [Log] ************************************************************************************************ 
 2018-12-20 15:18:29,547 INFO  [Log] ************************************************************************************************ 
 2018-12-20 15:18:30,500 INFO  [Log] ************************************************************************************************ 
 2018-12-20 15:18:30,500 INFO  [Log] ************************************************************************************************ 
 2018-12-20 15:18:30,500 INFO  [Log]      $$$$$$$$$$$$$$$$$$    RunReport @ 20-12-2018_15-18-30   $$$$$$$$$$$$$$$$$    
 2018-12-20 15:18:30,500 INFO  [Log] ************************************************************************************************ 
 2018-12-20 15:18:30,500 INFO  [Log] ************************************************************************************************ 
 2018-12-20 15:18:58,263 INFO  [Log] Searching TextBox 
 2018-12-20 15:20:06,877 INFO  [Log] ************************************************************************************************ 
 2018-12-20 15:20:06,877 INFO  [Log] ************************************************************************************************ 
 2018-12-20 15:20:06,877 INFO  [Log]      $$$$$$$$$$    E-N-D of  @ 20-12-2018_15-20-06 $$$$$$$$$$$$      
 2018-12-20 15:20:06,877 INFO  [Log] ************************************************************************************************ 
 2018-12-20 15:20:06,877 INFO  [Log] ************************************************************************************************ 
 2018-12-20 15:20:06,877 INFO  [Log]   
 2018-12-20 15:20:06,877 INFO  [Log]   
 2018-12-20 15:20:06,877 INFO  [Log]   
 2018-12-20 15:21:18,286 INFO  [Log] New Chrome Driver Intiated 
 2018-12-20 15:21:32,451 INFO  [Log] Searching TextBox 
 2018-12-20 15:21:32,672 INFO  [Log] Searching TextBox 
 2018-12-20 15:22:17,825 INFO  [Log] ************************************************************************************************ 
 2018-12-20 15:22:17,825 INFO  [Log] ************************************************************************************************ 
 2018-12-20 15:22:17,825 INFO  [Log]      $$$$$$$$$$$$$$$$$$    RunReport @ 20-12-2018_15-22-17   $$$$$$$$$$$$$$$$$    
 2018-12-20 15:22:17,825 INFO  [Log] ************************************************************************************************ 
 2018-12-20 15:22:17,825 INFO  [Log] ************************************************************************************************ 
 2018-12-20 15:22:18,792 INFO  [Log] ************************************************************************************************ 
 2018-12-20 15:22:18,792 INFO  [Log] ************************************************************************************************ 
 2018-12-20 15:22:18,792 INFO  [Log]      $$$$$$$$$$$$$$$$$$    RunReport @ 20-12-2018_15-22-18   $$$$$$$$$$$$$$$$$    
 2018-12-20 15:22:18,792 INFO  [Log] ************************************************************************************************ 
 2018-12-20 15:22:18,792 INFO  [Log] ************************************************************************************************ 
 2018-12-20 15:22:46,548 INFO  [Log] Searching TextBox 
 2018-12-20 15:23:56,488 INFO  [Log] ************************************************************************************************ 
 2018-12-20 15:23:56,488 INFO  [Log] ************************************************************************************************ 
 2018-12-20 15:23:56,488 INFO  [Log]      $$$$$$$$$$    E-N-D of  @ 20-12-2018_15-23-56 $$$$$$$$$$$$      
 2018-12-20 15:23:56,488 INFO  [Log] ************************************************************************************************ 
 2018-12-20 15:23:56,488 INFO  [Log] ************************************************************************************************ 
 2018-12-20 15:23:56,488 INFO  [Log]   
 2018-12-20 15:23:56,488 INFO  [Log]   
 2018-12-20 15:23:56,488 INFO  [Log]   
 2018-12-20 15:26:21,329 INFO  [Log] New Chrome Driver Intiated 
 2018-12-20 15:26:35,510 INFO  [Log] Searching TextBox 
 2018-12-20 15:26:35,686 INFO  [Log] Searching TextBox 
 2018-12-20 15:27:43,220 INFO  [Log] ************************************************************************************************ 
 2018-12-20 15:27:43,220 INFO  [Log] ************************************************************************************************ 
 2018-12-20 15:27:43,220 INFO  [Log]      $$$$$$$$$$$$$$$$$$    createExport @ 20-12-2018_15-27-43   $$$$$$$$$$$$$$$$$    
 2018-12-20 15:27:43,220 INFO  [Log] ************************************************************************************************ 
 2018-12-20 15:27:43,220 INFO  [Log] ************************************************************************************************ 
 2018-12-20 15:27:44,623 INFO  [Log] ************************************************************************************************ 
 2018-12-20 15:27:44,624 INFO  [Log] ************************************************************************************************ 
 2018-12-20 15:27:44,624 INFO  [Log]      $$$$$$$$$$$$$$$$$$    ExportsMenu @ 20-12-2018_15-27-44   $$$$$$$$$$$$$$$$$    
 2018-12-20 15:27:44,625 INFO  [Log] ************************************************************************************************ 
 2018-12-20 15:27:44,625 INFO  [Log] ************************************************************************************************ 
 2018-12-20 15:27:51,371 INFO  [Log] ************************************************************************************************ 
 2018-12-20 15:27:51,371 INFO  [Log] ************************************************************************************************ 
 2018-12-20 15:27:51,371 INFO  [Log]      $$$$$$$$$$    E-N-D of  @ 20-12-2018_15-27-51 $$$$$$$$$$$$      
 2018-12-20 15:27:51,371 INFO  [Log] ************************************************************************************************ 
 2018-12-20 15:27:51,371 INFO  [Log] ************************************************************************************************ 
 2018-12-20 15:27:51,371 INFO  [Log]   
 2018-12-20 15:27:51,371 INFO  [Log]   
 2018-12-20 15:27:51,371 INFO  [Log]   
 2018-12-20 15:28:02,422 INFO  [Log] New Chrome Driver Intiated 
 2018-12-20 15:28:15,189 INFO  [Log] Searching TextBox 
 2018-12-20 15:28:15,364 INFO  [Log] Searching TextBox 
 2018-12-20 15:28:59,946 INFO  [Log] New Chrome Driver Intiated 
 2018-12-20 15:29:14,071 INFO  [Log] Searching TextBox 
 2018-12-20 15:29:14,259 INFO  [Log] Searching TextBox 
 2018-12-20 15:30:37,681 INFO  [Log] New Chrome Driver Intiated 
 2018-12-20 15:30:51,520 INFO  [Log] Searching TextBox 
 2018-12-20 15:30:51,700 INFO  [Log] Searching TextBox 
 2018-12-20 15:31:37,169 INFO  [Log] ************************************************************************************************ 
 2018-12-20 15:31:37,169 INFO  [Log] ************************************************************************************************ 
 2018-12-20 15:31:37,169 INFO  [Log]      $$$$$$$$$$$$$$$$$$    RunReport @ 20-12-2018_15-31-37   $$$$$$$$$$$$$$$$$    
 2018-12-20 15:31:37,169 INFO  [Log] ************************************************************************************************ 
 2018-12-20 15:31:37,169 INFO  [Log] ************************************************************************************************ 
 2018-12-20 15:31:38,076 INFO  [Log] ************************************************************************************************ 
 2018-12-20 15:31:38,076 INFO  [Log] ************************************************************************************************ 
 2018-12-20 15:31:38,076 INFO  [Log]      $$$$$$$$$$$$$$$$$$    RunReport @ 20-12-2018_15-31-38   $$$$$$$$$$$$$$$$$    
 2018-12-20 15:31:38,076 INFO  [Log] ************************************************************************************************ 
 2018-12-20 15:31:38,076 INFO  [Log] ************************************************************************************************ 
 2018-12-20 15:32:05,783 INFO  [Log] Searching TextBox 
 2018-12-20 15:33:13,215 INFO  [Log] ************************************************************************************************ 
 2018-12-20 15:33:13,215 INFO  [Log] ************************************************************************************************ 
 2018-12-20 15:33:13,215 INFO  [Log]      $$$$$$$$$$    E-N-D of  @ 20-12-2018_15-33-13 $$$$$$$$$$$$      
 2018-12-20 15:33:13,215 INFO  [Log] ************************************************************************************************ 
 2018-12-20 15:33:13,215 INFO  [Log] ************************************************************************************************ 
 2018-12-20 15:33:13,215 INFO  [Log]   
 2018-12-20 15:33:13,215 INFO  [Log]   
 2018-12-20 15:33:13,215 INFO  [Log]   
 2018-12-20 18:19:31,884 INFO  [Log] New Chrome Driver Intiated 
 2018-12-20 18:19:51,266 INFO  [Log] Searching TextBox 
 2018-12-20 18:19:51,459 INFO  [Log] Searching TextBox 
 2018-12-20 18:21:01,761 INFO  [Log] ************************************************************************************************ 
 2018-12-20 18:21:01,762 INFO  [Log] ************************************************************************************************ 
 2018-12-20 18:21:01,762 INFO  [Log]      $$$$$$$$$$$$$$$$$$    RunReport @ 20-12-2018_18-21-01   $$$$$$$$$$$$$$$$$    
 2018-12-20 18:21:01,762 INFO  [Log] ************************************************************************************************ 
 2018-12-20 18:21:01,762 INFO  [Log] ************************************************************************************************ 
 2018-12-20 18:21:02,907 INFO  [Log] ************************************************************************************************ 
 2018-12-20 18:21:02,907 INFO  [Log] ************************************************************************************************ 
 2018-12-20 18:21:02,907 INFO  [Log]      $$$$$$$$$$$$$$$$$$    RunReport @ 20-12-2018_18-21-02   $$$$$$$$$$$$$$$$$    
 2018-12-20 18:21:02,907 INFO  [Log] ************************************************************************************************ 
 2018-12-20 18:21:02,907 INFO  [Log] ************************************************************************************************ 
 2018-12-20 18:21:39,632 INFO  [Log] Searching TextBox 
 2018-12-20 18:24:43,102 INFO  [Log] New Chrome Driver Intiated 
 2018-12-20 18:24:58,904 INFO  [Log] Searching TextBox 
 2018-12-20 18:24:59,048 INFO  [Log] Searching TextBox 
 2018-12-20 18:26:08,007 INFO  [Log] ************************************************************************************************ 
 2018-12-20 18:26:08,007 INFO  [Log] ************************************************************************************************ 
 2018-12-20 18:26:08,008 INFO  [Log]      $$$$$$$$$$$$$$$$$$    RunReport @ 20-12-2018_18-26-08   $$$$$$$$$$$$$$$$$    
 2018-12-20 18:26:08,008 INFO  [Log] ************************************************************************************************ 
 2018-12-20 18:26:08,008 INFO  [Log] ************************************************************************************************ 
 2018-12-20 18:26:09,271 INFO  [Log] ************************************************************************************************ 
 2018-12-20 18:26:09,271 INFO  [Log] ************************************************************************************************ 
 2018-12-20 18:26:09,271 INFO  [Log]      $$$$$$$$$$$$$$$$$$    RunReport @ 20-12-2018_18-26-09   $$$$$$$$$$$$$$$$$    
 2018-12-20 18:26:09,271 INFO  [Log] ************************************************************************************************ 
 2018-12-20 18:26:09,271 INFO  [Log] ************************************************************************************************ 
 2018-12-20 18:26:41,273 INFO  [Log] Searching TextBox 
 2018-12-20 18:27:49,583 INFO  [Log] ************************************************************************************************ 
 2018-12-20 18:27:49,583 INFO  [Log] ************************************************************************************************ 
 2018-12-20 18:27:49,583 INFO  [Log]      $$$$$$$$$$    E-N-D of  @ 20-12-2018_18-27-49 $$$$$$$$$$$$      
 2018-12-20 18:27:49,583 INFO  [Log] ************************************************************************************************ 
 2018-12-20 18:27:49,583 INFO  [Log] ************************************************************************************************ 
 2018-12-20 18:27:49,583 INFO  [Log]   
 2018-12-20 18:27:49,583 INFO  [Log]   
 2018-12-20 18:27:49,583 INFO  [Log]   
 2018-12-20 18:45:42,286 INFO  [Log] New Chrome Driver Intiated 
 2018-12-20 18:45:57,699 INFO  [Log] Searching TextBox 
 2018-12-20 18:45:57,876 INFO  [Log] Searching TextBox 
 2018-12-20 18:47:08,478 INFO  [Log] ************************************************************************************************ 
 2018-12-20 18:47:08,478 INFO  [Log] ************************************************************************************************ 
 2018-12-20 18:47:08,478 INFO  [Log]      $$$$$$$$$$$$$$$$$$    RunReport @ 20-12-2018_18-47-08   $$$$$$$$$$$$$$$$$    
 2018-12-20 18:47:08,478 INFO  [Log] ************************************************************************************************ 
 2018-12-20 18:47:08,478 INFO  [Log] ************************************************************************************************ 
 2018-12-20 18:47:09,727 INFO  [Log] ************************************************************************************************ 
 2018-12-20 18:47:09,727 INFO  [Log] ************************************************************************************************ 
 2018-12-20 18:47:09,727 INFO  [Log]      $$$$$$$$$$$$$$$$$$    RunReport @ 20-12-2018_18-47-09   $$$$$$$$$$$$$$$$$    
 2018-12-20 18:47:09,727 INFO  [Log] ************************************************************************************************ 
 2018-12-20 18:47:09,727 INFO  [Log] ************************************************************************************************ 
 2018-12-20 18:47:41,472 INFO  [Log] Searching TextBox 
 2018-12-20 18:48:50,395 INFO  [Log] ************************************************************************************************ 
 2018-12-20 18:48:50,395 INFO  [Log] ************************************************************************************************ 
 2018-12-20 18:48:50,395 INFO  [Log]      $$$$$$$$$$    E-N-D of  @ 20-12-2018_18-48-50 $$$$$$$$$$$$      
 2018-12-20 18:48:50,395 INFO  [Log] ************************************************************************************************ 
 2018-12-20 18:48:50,395 INFO  [Log] ************************************************************************************************ 
 2018-12-20 18:48:50,395 INFO  [Log]   
 2018-12-20 18:48:50,395 INFO  [Log]   
 2018-12-20 18:48:50,395 INFO  [Log]   
 